{"/Users/bgr/Proyectos/apiV2/src/authApi/infrastructure/service/user.service.ts": {"path":"/Users/bgr/Proyectos/apiV2/src/authApi/infrastructure/service/user.service.ts","statementMap":{"0":{"start":{"line":1,"column":0},"end":{"line":1,"column":103}},"1":{"start":{"line":2,"column":0},"end":{"line":2,"column":89}},"2":{"start":{"line":3,"column":0},"end":{"line":3,"column":75}},"3":{"start":{"line":5,"column":0},"end":{"line":5,"column":65}},"4":{"start":{"line":6,"column":0},"end":{"line":6,"column":55}},"5":{"start":{"line":7,"column":0},"end":{"line":7,"column":78}},"6":{"start":{"line":8,"column":0},"end":{"line":8,"column":92}},"7":{"start":{"line":11,"column":0},"end":{"line":11,"column":75}},"8":{"start":{"line":12,"column":0},"end":{"line":12,"column":84}},"9":{"start":{"line":13,"column":0},"end":{"line":13,"column":61}},"10":{"start":{"line":14,"column":0},"end":{"line":14,"column":89}},"11":{"start":{"line":15,"column":0},"end":{"line":15,"column":41}},"12":{"start":{"line":21,"column":7},"end":{"line":109,"column":null}},"13":{"start":{"line":23,"column":26},"end":{"line":23,"column":43}},"14":{"start":{"line":24,"column":26},"end":{"line":24,"column":50}},"15":{"start":{"line":25,"column":26},"end":{"line":25,"column":54}},"16":{"start":{"line":26,"column":26},"end":{"line":26,"column":51}},"17":{"start":{"line":27,"column":26},"end":{"line":27,"column":58}},"18":{"start":{"line":28,"column":26},"end":{"line":28,"column":54}},"19":{"start":{"line":33,"column":8},"end":{"line":33,"column":70}},"20":{"start":{"line":34,"column":8},"end":{"line":34,"column":73}},"21":{"start":{"line":36,"column":35},"end":{"line":36,"column":110}},"22":{"start":{"line":38,"column":8},"end":{"line":38,"column":89}},"23":{"start":{"line":40,"column":43},"end":{"line":42,"column":null}},"24":{"start":{"line":45,"column":8},"end":{"line":45,"column":28}},"25":{"start":{"line":50,"column":8},"end":{"line":50,"column":91}},"26":{"start":{"line":51,"column":8},"end":{"line":51,"column":45}},"27":{"start":{"line":52,"column":29},"end":{"line":52,"column":74}},"28":{"start":{"line":53,"column":8},"end":{"line":53,"column":28}},"29":{"start":{"line":58,"column":8},"end":{"line":58,"column":45}},"30":{"start":{"line":60,"column":28},"end":{"line":60,"column":70}},"31":{"start":{"line":61,"column":8},"end":{"line":61,"column":61}},"32":{"start":{"line":66,"column":33},"end":{"line":66,"column":68}},"33":{"start":{"line":67,"column":26},"end":{"line":67,"column":80}},"34":{"start":{"line":68,"column":8},"end":{"line":68,"column":25}},"35":{"start":{"line":73,"column":28},"end":{"line":73,"column":81}},"36":{"start":{"line":75,"column":8},"end":{"line":77,"column":null}},"37":{"start":{"line":76,"column":12},"end":{"line":76,"column":94}},"38":{"start":{"line":82,"column":28},"end":{"line":82,"column":70}},"39":{"start":{"line":84,"column":8},"end":{"line":86,"column":null}},"40":{"start":{"line":85,"column":12},"end":{"line":85,"column":87}},"41":{"start":{"line":91,"column":35},"end":{"line":91,"column":91}},"42":{"start":{"line":93,"column":8},"end":{"line":95,"column":null}},"43":{"start":{"line":94,"column":12},"end":{"line":94,"column":111}},"44":{"start":{"line":100,"column":47},"end":{"line":100,"column":89}},"45":{"start":{"line":101,"column":61},"end":{"line":101,"column":117}},"46":{"start":{"line":103,"column":39},"end":{"line":103,"column":116}},"47":{"start":{"line":105,"column":8},"end":{"line":107,"column":null}},"48":{"start":{"line":106,"column":12},"end":{"line":106,"column":133}},"49":{"start":{"line":32,"column":17},"end":{"line":46,"column":null}},"50":{"start":{"line":49,"column":17},"end":{"line":54,"column":null}},"51":{"start":{"line":57,"column":17},"end":{"line":62,"column":null}},"52":{"start":{"line":65,"column":17},"end":{"line":69,"column":null}},"53":{"start":{"line":72,"column":18},"end":{"line":78,"column":null}},"54":{"start":{"line":81,"column":18},"end":{"line":87,"column":null}},"55":{"start":{"line":90,"column":18},"end":{"line":96,"column":null}},"56":{"start":{"line":99,"column":18},"end":{"line":108,"column":null}},"57":{"start":{"line":21,"column":13},"end":{"line":109,"column":null}},"58":{"start":{"line":21,"column":13},"end":{"line":21,"column":24}}},"fnMap":{"0":{"name":"(anonymous_4)","decl":{"start":{"line":22,"column":4},"end":{"line":22,"column":null}},"loc":{"start":{"line":28,"column":79},"end":{"line":29,"column":8}}},"1":{"name":"(anonymous_5)","decl":{"start":{"line":32,"column":11},"end":{"line":32,"column":16}},"loc":{"start":{"line":32,"column":51},"end":{"line":46,"column":5}}},"2":{"name":"(anonymous_6)","decl":{"start":{"line":49,"column":11},"end":{"line":49,"column":16}},"loc":{"start":{"line":49,"column":68},"end":{"line":54,"column":5}}},"3":{"name":"(anonymous_7)","decl":{"start":{"line":57,"column":11},"end":{"line":57,"column":16}},"loc":{"start":{"line":57,"column":39},"end":{"line":62,"column":5}}},"4":{"name":"(anonymous_8)","decl":{"start":{"line":65,"column":11},"end":{"line":65,"column":16}},"loc":{"start":{"line":65,"column":28},"end":{"line":69,"column":5}}},"5":{"name":"(anonymous_9)","decl":{"start":{"line":72,"column":12},"end":{"line":72,"column":17}},"loc":{"start":{"line":72,"column":67},"end":{"line":78,"column":5}}},"6":{"name":"(anonymous_10)","decl":{"start":{"line":81,"column":12},"end":{"line":81,"column":17}},"loc":{"start":{"line":81,"column":50},"end":{"line":87,"column":5}}},"7":{"name":"(anonymous_11)","decl":{"start":{"line":90,"column":12},"end":{"line":90,"column":17}},"loc":{"start":{"line":90,"column":64},"end":{"line":96,"column":5}}},"8":{"name":"(anonymous_12)","decl":{"start":{"line":99,"column":12},"end":{"line":99,"column":17}},"loc":{"start":{"line":99,"column":76},"end":{"line":108,"column":5}}}},"branchMap":{"0":{"loc":{"start":{"line":75,"column":8},"end":{"line":77,"column":null}},"type":"if","locations":[{"start":{"line":75,"column":8},"end":{"line":77,"column":null}}]},"1":{"loc":{"start":{"line":84,"column":8},"end":{"line":86,"column":null}},"type":"if","locations":[{"start":{"line":84,"column":8},"end":{"line":86,"column":null}}]},"2":{"loc":{"start":{"line":93,"column":8},"end":{"line":95,"column":null}},"type":"if","locations":[{"start":{"line":93,"column":8},"end":{"line":95,"column":null}}]},"3":{"loc":{"start":{"line":105,"column":8},"end":{"line":107,"column":null}},"type":"if","locations":[{"start":{"line":105,"column":8},"end":{"line":107,"column":null}}]},"4":{"loc":{"start":{"line":105,"column":12},"end":{"line":105,"column":66}},"type":"binary-expr","locations":[{"start":{"line":105,"column":12},"end":{"line":105,"column":35}},{"start":{"line":105,"column":39},"end":{"line":105,"column":66}}]}},"s":{"0":1,"1":1,"2":1,"3":1,"4":1,"5":1,"6":1,"7":1,"8":1,"9":1,"10":1,"11":1,"12":1,"13":0,"14":0,"15":0,"16":0,"17":0,"18":0,"19":0,"20":0,"21":0,"22":0,"23":0,"24":0,"25":0,"26":0,"27":0,"28":0,"29":0,"30":0,"31":0,"32":0,"33":0,"34":0,"35":0,"36":0,"37":0,"38":0,"39":0,"40":0,"41":0,"42":0,"43":0,"44":0,"45":0,"46":0,"47":0,"48":0,"49":1,"50":1,"51":1,"52":1,"53":1,"54":1,"55":1,"56":1,"57":1,"58":1},"f":{"0":0,"1":0,"2":0,"3":0,"4":0,"5":0,"6":0,"7":0,"8":0},"b":{"0":[0],"1":[0],"2":[0],"3":[0],"4":[0,0]}}
,"/Users/bgr/Proyectos/apiV2/src/linkApi/infrastructure/service/link.service.ts": {"path":"/Users/bgr/Proyectos/apiV2/src/linkApi/infrastructure/service/link.service.ts","statementMap":{"0":{"start":{"line":1,"column":0},"end":{"line":1,"column":89}},"1":{"start":{"line":3,"column":0},"end":{"line":3,"column":54}},"2":{"start":{"line":6,"column":0},"end":{"line":6,"column":61}},"3":{"start":{"line":7,"column":0},"end":{"line":7,"column":83}},"4":{"start":{"line":8,"column":0},"end":{"line":8,"column":54}},"5":{"start":{"line":9,"column":0},"end":{"line":9,"column":41}},"6":{"start":{"line":12,"column":7},"end":{"line":68,"column":null}},"7":{"start":{"line":13,"column":34},"end":{"line":13,"column":51}},"8":{"start":{"line":13,"column":85},"end":{"line":13,"column":100}},"9":{"start":{"line":17,"column":8},"end":{"line":17,"column":55}},"10":{"start":{"line":19,"column":32},"end":{"line":19,"column":69}},"11":{"start":{"line":20,"column":40},"end":{"line":27,"column":10}},"12":{"start":{"line":28,"column":35},"end":{"line":28,"column":81}},"13":{"start":{"line":30,"column":8},"end":{"line":30,"column":34}},"14":{"start":{"line":35,"column":8},"end":{"line":35,"column":55}},"15":{"start":{"line":37,"column":32},"end":{"line":37,"column":69}},"16":{"start":{"line":38,"column":40},"end":{"line":45,"column":10}},"17":{"start":{"line":46,"column":35},"end":{"line":46,"column":81}},"18":{"start":{"line":48,"column":8},"end":{"line":48,"column":34}},"19":{"start":{"line":52,"column":8},"end":{"line":54,"column":null}},"20":{"start":{"line":53,"column":12},"end":{"line":53,"column":76}},"21":{"start":{"line":56,"column":8},"end":{"line":58,"column":null}},"22":{"start":{"line":57,"column":12},"end":{"line":57,"column":75}},"23":{"start":{"line":62,"column":8},"end":{"line":62,"column":55}},"24":{"start":{"line":64,"column":8},"end":{"line":66,"column":null}},"25":{"start":{"line":65,"column":12},"end":{"line":65,"column":76}},"26":{"start":{"line":16,"column":17},"end":{"line":31,"column":null}},"27":{"start":{"line":34,"column":17},"end":{"line":49,"column":null}},"28":{"start":{"line":12,"column":13},"end":{"line":68,"column":null}},"29":{"start":{"line":12,"column":13},"end":{"line":12,"column":24}}},"fnMap":{"0":{"name":"(anonymous_4)","decl":{"start":{"line":13,"column":4},"end":{"line":13,"column":17}},"loc":{"start":{"line":13,"column":112},"end":{"line":13,"column":116}}},"1":{"name":"(anonymous_5)","decl":{"start":{"line":16,"column":11},"end":{"line":16,"column":16}},"loc":{"start":{"line":16,"column":51},"end":{"line":31,"column":5}}},"2":{"name":"(anonymous_6)","decl":{"start":{"line":34,"column":11},"end":{"line":34,"column":16}},"loc":{"start":{"line":34,"column":51},"end":{"line":49,"column":5}}},"3":{"name":"(anonymous_7)","decl":{"start":{"line":51,"column":12},"end":{"line":51,"column":41}},"loc":{"start":{"line":51,"column":65},"end":{"line":59,"column":5}}},"4":{"name":"(anonymous_8)","decl":{"start":{"line":61,"column":12},"end":{"line":61,"column":41}},"loc":{"start":{"line":61,"column":59},"end":{"line":67,"column":5}}}},"branchMap":{"0":{"loc":{"start":{"line":52,"column":8},"end":{"line":54,"column":null}},"type":"if","locations":[{"start":{"line":52,"column":8},"end":{"line":54,"column":null}}]},"1":{"loc":{"start":{"line":56,"column":8},"end":{"line":58,"column":null}},"type":"if","locations":[{"start":{"line":56,"column":8},"end":{"line":58,"column":null}}]},"2":{"loc":{"start":{"line":64,"column":8},"end":{"line":66,"column":null}},"type":"if","locations":[{"start":{"line":64,"column":8},"end":{"line":66,"column":null}}]}},"s":{"0":1,"1":1,"2":1,"3":1,"4":1,"5":1,"6":1,"7":3,"8":3,"9":3,"10":1,"11":1,"12":1,"13":1,"14":0,"15":0,"16":0,"17":0,"18":0,"19":3,"20":1,"21":2,"22":1,"23":0,"24":0,"25":0,"26":1,"27":1,"28":1,"29":1},"f":{"0":3,"1":3,"2":0,"3":3,"4":0},"b":{"0":[1],"1":[1],"2":[0]}}
,"/Users/bgr/Proyectos/apiV2/src/shared/constant/error-message/error-message-password.ts": {"path":"/Users/bgr/Proyectos/apiV2/src/shared/constant/error-message/error-message-password.ts","statementMap":{"0":{"start":{"line":1,"column":0},"end":{"line":1,"column":60}},"1":{"start":{"line":3,"column":13},"end":{"line":6,"column":2}}},"fnMap":{},"branchMap":{},"s":{"0":1,"1":1},"f":{},"b":{}}
,"/Users/bgr/Proyectos/apiV2/src/shared/enum/group-link-gradient-type.enum.ts": {"path":"/Users/bgr/Proyectos/apiV2/src/shared/enum/group-link-gradient-type.enum.ts","statementMap":{"0":{"start":{"line":1,"column":0},"end":{"line":1,"column":null}},"1":{"start":{"line":2,"column":4},"end":{"line":2,"column":null}},"2":{"start":{"line":3,"column":4},"end":{"line":3,"column":null}},"3":{"start":{"line":4,"column":4},"end":{"line":4,"column":null}}},"fnMap":{"0":{"name":"(anonymous_0)","decl":{"start":{"line":1,"column":0},"end":{"line":1,"column":12}},"loc":{"start":{"line":1,"column":33},"end":{"line":5,"column":1}}}},"branchMap":{"0":{"loc":{"start":{"line":1,"column":12},"end":{"line":1,"column":null}},"type":"binary-expr","locations":[{"start":{"line":1,"column":12},"end":{"line":1,"column":33}},{"start":{"line":1,"column":12},"end":{"line":1,"column":null}}]}},"s":{"0":1,"1":1,"2":1,"3":1},"f":{"0":1},"b":{"0":[1,1]}}
,"/Users/bgr/Proyectos/apiV2/src/shared/enum/http-response-message.enum.ts": {"path":"/Users/bgr/Proyectos/apiV2/src/shared/enum/http-response-message.enum.ts","statementMap":{"0":{"start":{"line":1,"column":0},"end":{"line":1,"column":null}},"1":{"start":{"line":2,"column":4},"end":{"line":2,"column":null}},"2":{"start":{"line":3,"column":4},"end":{"line":3,"column":null}},"3":{"start":{"line":4,"column":4},"end":{"line":4,"column":null}},"4":{"start":{"line":5,"column":4},"end":{"line":5,"column":null}},"5":{"start":{"line":6,"column":4},"end":{"line":6,"column":null}}},"fnMap":{"0":{"name":"(anonymous_0)","decl":{"start":{"line":1,"column":0},"end":{"line":1,"column":12}},"loc":{"start":{"line":1,"column":36},"end":{"line":7,"column":1}}}},"branchMap":{"0":{"loc":{"start":{"line":1,"column":12},"end":{"line":1,"column":null}},"type":"binary-expr","locations":[{"start":{"line":1,"column":12},"end":{"line":1,"column":36}},{"start":{"line":1,"column":12},"end":{"line":1,"column":null}}]}},"s":{"0":1,"1":1,"2":1,"3":1,"4":1,"5":1},"f":{"0":1},"b":{"0":[1,1]}}
,"/Users/bgr/Proyectos/apiV2/src/shared/service/logger.service.ts": {"path":"/Users/bgr/Proyectos/apiV2/src/shared/service/logger.service.ts","statementMap":{"0":{"start":{"line":1,"column":0},"end":{"line":1,"column":37}},"1":{"start":{"line":3,"column":0},"end":{"line":3,"column":33}},"2":{"start":{"line":6,"column":7},"end":{"line":22,"column":null}},"3":{"start":{"line":8,"column":8},"end":{"line":8,"column":39}},"4":{"start":{"line":11,"column":8},"end":{"line":11,"column":40}},"5":{"start":{"line":14,"column":8},"end":{"line":14,"column":39}},"6":{"start":{"line":17,"column":8},"end":{"line":17,"column":40}},"7":{"start":{"line":20,"column":8},"end":{"line":20,"column":104}},"8":{"start":{"line":6,"column":13},"end":{"line":22,"column":null}},"9":{"start":{"line":6,"column":13},"end":{"line":6,"column":26}}},"fnMap":{"0":{"name":"(anonymous_2)","decl":{"start":{"line":7,"column":4},"end":{"line":7,"column":10}},"loc":{"start":{"line":7,"column":52},"end":{"line":9,"column":5}}},"1":{"name":"(anonymous_3)","decl":{"start":{"line":10,"column":4},"end":{"line":10,"column":10}},"loc":{"start":{"line":10,"column":53},"end":{"line":12,"column":5}}},"2":{"name":"(anonymous_4)","decl":{"start":{"line":13,"column":4},"end":{"line":13,"column":10}},"loc":{"start":{"line":13,"column":52},"end":{"line":15,"column":5}}},"3":{"name":"(anonymous_5)","decl":{"start":{"line":16,"column":4},"end":{"line":16,"column":10}},"loc":{"start":{"line":16,"column":53},"end":{"line":18,"column":5}}},"4":{"name":"(anonymous_6)","decl":{"start":{"line":19,"column":4},"end":{"line":19,"column":10}},"loc":{"start":{"line":19,"column":37},"end":{"line":21,"column":5}}}},"branchMap":{},"s":{"0":1,"1":1,"2":1,"3":0,"4":0,"5":0,"6":0,"7":0,"8":1,"9":1},"f":{"0":0,"1":0,"2":0,"3":0,"4":0},"b":{}}
,"/Users/bgr/Proyectos/apiV2/src/shared/service/password.service.ts": {"path":"/Users/bgr/Proyectos/apiV2/src/shared/service/password.service.ts","statementMap":{"0":{"start":{"line":1,"column":0},"end":{"line":1,"column":88}},"1":{"start":{"line":2,"column":0},"end":{"line":2,"column":33}},"2":{"start":{"line":3,"column":0},"end":{"line":3,"column":33}},"3":{"start":{"line":4,"column":0},"end":{"line":4,"column":76}},"4":{"start":{"line":7,"column":7},"end":{"line":29,"column":null}},"5":{"start":{"line":8,"column":12},"end":{"line":8,"column":28}},"6":{"start":{"line":12,"column":8},"end":{"line":17,"column":null}},"7":{"start":{"line":13,"column":25},"end":{"line":13,"column":69}},"8":{"start":{"line":14,"column":12},"end":{"line":14,"column":24}},"9":{"start":{"line":16,"column":12},"end":{"line":16,"column":79}},"10":{"start":{"line":22,"column":8},"end":{"line":27,"column":null}},"11":{"start":{"line":23,"column":27},"end":{"line":23,"column":63}},"12":{"start":{"line":24,"column":12},"end":{"line":24,"column":26}},"13":{"start":{"line":26,"column":12},"end":{"line":26,"column":78}},"14":{"start":{"line":11,"column":10},"end":{"line":18,"column":null}},"15":{"start":{"line":21,"column":10},"end":{"line":28,"column":null}},"16":{"start":{"line":7,"column":13},"end":{"line":29,"column":null}},"17":{"start":{"line":7,"column":13},"end":{"line":7,"column":28}}},"fnMap":{"0":{"name":"(anonymous_8)","decl":{"start":{"line":7,"column":7},"end":{"line":7,"column":13}},"loc":{"start":{"line":7,"column":7},"end":{"line":29,"column":1}}},"1":{"name":"(anonymous_9)","decl":{"start":{"line":11,"column":4},"end":{"line":11,"column":9}},"loc":{"start":{"line":11,"column":39},"end":{"line":18,"column":5}}},"2":{"name":"(anonymous_10)","decl":{"start":{"line":21,"column":4},"end":{"line":21,"column":9}},"loc":{"start":{"line":21,"column":55},"end":{"line":28,"column":5}}}},"branchMap":{},"s":{"0":1,"1":1,"2":1,"3":1,"4":1,"5":0,"6":0,"7":0,"8":0,"9":0,"10":0,"11":0,"12":0,"13":0,"14":1,"15":1,"16":1,"17":1},"f":{"0":0,"1":0,"2":0},"b":{}}
,"/Users/bgr/Proyectos/apiV2/src/shared/service/token.service.ts": {"path":"/Users/bgr/Proyectos/apiV2/src/shared/service/token.service.ts","statementMap":{"0":{"start":{"line":2,"column":0},"end":{"line":2,"column":52}},"1":{"start":{"line":3,"column":0},"end":{"line":3,"column":31}},"2":{"start":{"line":4,"column":0},"end":{"line":4,"column":56}},"3":{"start":{"line":5,"column":0},"end":{"line":5,"column":41}},"4":{"start":{"line":6,"column":0},"end":{"line":6,"column":76}},"5":{"start":{"line":7,"column":0},"end":{"line":7,"column":72}},"6":{"start":{"line":15,"column":34},"end":{"line":15,"column":48}},"7":{"start":{"line":12,"column":12},"end":{"line":12,"column":74}},"8":{"start":{"line":13,"column":12},"end":{"line":13,"column":45}},"9":{"start":{"line":19,"column":30},"end":{"line":19,"column":69}},"10":{"start":{"line":20,"column":22},"end":{"line":20,"column":95}},"11":{"start":{"line":21,"column":8},"end":{"line":21,"column":21}},"12":{"start":{"line":26,"column":8},"end":{"line":31,"column":null}},"13":{"start":{"line":27,"column":28},"end":{"line":27,"column":87}},"14":{"start":{"line":28,"column":12},"end":{"line":28,"column":34}},"15":{"start":{"line":30,"column":12},"end":{"line":30,"column":42}},"16":{"start":{"line":36,"column":8},"end":{"line":41,"column":null}},"17":{"start":{"line":37,"column":28},"end":{"line":37,"column":67}},"18":{"start":{"line":38,"column":12},"end":{"line":38,"column":27}},"19":{"start":{"line":40,"column":12},"end":{"line":40,"column":24}},"20":{"start":{"line":46,"column":24},"end":{"line":46,"column":42}},"21":{"start":{"line":47,"column":8},"end":{"line":49,"column":null}},"22":{"start":{"line":48,"column":12},"end":{"line":48,"column":24}},"23":{"start":{"line":50,"column":25},"end":{"line":50,"column":50}},"24":{"start":{"line":51,"column":8},"end":{"line":51,"column":24}},"25":{"start":{"line":55,"column":8},"end":{"line":55,"column":67}},"26":{"start":{"line":59,"column":8},"end":{"line":59,"column":32}},"27":{"start":{"line":63,"column":8},"end":{"line":63,"column":41}},"28":{"start":{"line":11,"column":19},"end":{"line":11,"column":75}},"29":{"start":{"line":17,"column":4},"end":{"line":22,"column":null}},"30":{"start":{"line":34,"column":4},"end":{"line":42,"column":null}},"31":{"start":{"line":44,"column":4},"end":{"line":52,"column":null}},"32":{"start":{"line":25,"column":18},"end":{"line":32,"column":null}},"33":{"start":{"line":10,"column":13},"end":{"line":65,"column":null}},"34":{"start":{"line":10,"column":13},"end":{"line":10,"column":25}}},"fnMap":{"0":{"name":"(anonymous_5)","decl":{"start":{"line":15,"column":4},"end":{"line":15,"column":17}},"loc":{"start":{"line":15,"column":59},"end":{"line":15,"column":63}}},"1":{"name":"(anonymous_6)","decl":{"start":{"line":18,"column":11},"end":{"line":18,"column":15}},"loc":{"start":{"line":18,"column":30},"end":{"line":22,"column":5}}},"2":{"name":"(anonymous_7)","decl":{"start":{"line":25,"column":11},"end":{"line":25,"column":17}},"loc":{"start":{"line":25,"column":38},"end":{"line":32,"column":5}}},"3":{"name":"(anonymous_8)","decl":{"start":{"line":35,"column":11},"end":{"line":35,"column":17}},"loc":{"start":{"line":35,"column":31},"end":{"line":42,"column":5}}},"4":{"name":"(anonymous_9)","decl":{"start":{"line":45,"column":11},"end":{"line":45,"column":18}},"loc":{"start":{"line":45,"column":32},"end":{"line":52,"column":5}}},"5":{"name":"(anonymous_10)","decl":{"start":{"line":54,"column":11},"end":{"line":54,"column":16}},"loc":{"start":{"line":54,"column":46},"end":{"line":56,"column":5}}},"6":{"name":"(anonymous_11)","decl":{"start":{"line":58,"column":11},"end":{"line":58,"column":25}},"loc":{"start":{"line":58,"column":25},"end":{"line":60,"column":5}}},"7":{"name":"(anonymous_12)","decl":{"start":{"line":62,"column":11},"end":{"line":62,"column":27}},"loc":{"start":{"line":62,"column":27},"end":{"line":64,"column":5}}}},"branchMap":{"0":{"loc":{"start":{"line":47,"column":8},"end":{"line":49,"column":null}},"type":"if","locations":[{"start":{"line":47,"column":8},"end":{"line":49,"column":null}}]},"1":{"loc":{"start":{"line":63,"column":15},"end":{"line":63,"column":40}},"type":"binary-expr","locations":[{"start":{"line":63,"column":15},"end":{"line":63,"column":35}},{"start":{"line":63,"column":39},"end":{"line":63,"column":40}}]}},"s":{"0":1,"1":1,"2":1,"3":1,"4":1,"5":1,"6":0,"7":0,"8":0,"9":0,"10":0,"11":0,"12":0,"13":0,"14":0,"15":0,"16":0,"17":0,"18":0,"19":0,"20":0,"21":0,"22":0,"23":0,"24":0,"25":0,"26":0,"27":0,"28":1,"29":1,"30":1,"31":1,"32":1,"33":1,"34":1},"f":{"0":0,"1":0,"2":0,"3":0,"4":0,"5":0,"6":0,"7":0},"b":{"0":[0],"1":[0,0]}}
,"/Users/bgr/Proyectos/apiV2/src/shared/service/translate.service.ts": {"path":"/Users/bgr/Proyectos/apiV2/src/shared/service/translate.service.ts","statementMap":{"0":{"start":{"line":1,"column":0},"end":{"line":1,"column":43}},"1":{"start":{"line":2,"column":0},"end":{"line":2,"column":87}},"2":{"start":{"line":3,"column":0},"end":{"line":3,"column":49}},"3":{"start":{"line":4,"column":0},"end":{"line":4,"column":72}},"4":{"start":{"line":6,"column":0},"end":{"line":6,"column":33}},"5":{"start":{"line":13,"column":8},"end":{"line":13,"column":38}},"6":{"start":{"line":14,"column":8},"end":{"line":14,"column":53}},"7":{"start":{"line":18,"column":8},"end":{"line":18,"column":33}},"8":{"start":{"line":23,"column":8},"end":{"line":23,"column":80}},"9":{"start":{"line":25,"column":37},"end":{"line":25,"column":101}},"10":{"start":{"line":26,"column":8},"end":{"line":26,"column":41}},"11":{"start":{"line":31,"column":24},"end":{"line":33,"column":10}},"12":{"start":{"line":32,"column":12},"end":{"line":32,"column":71}},"13":{"start":{"line":34,"column":23},"end":{"line":34,"column":50}},"14":{"start":{"line":35,"column":8},"end":{"line":35,"column":22}},"15":{"start":{"line":39,"column":22},"end":{"line":39,"column":78}},"16":{"start":{"line":40,"column":8},"end":{"line":42,"column":null}},"17":{"start":{"line":41,"column":12},"end":{"line":41,"column":121}},"18":{"start":{"line":46,"column":8},"end":{"line":46,"column":34}},"19":{"start":{"line":50,"column":8},"end":{"line":52,"column":null}},"20":{"start":{"line":51,"column":12},"end":{"line":51,"column":40}},"21":{"start":{"line":54,"column":8},"end":{"line":54,"column":36}},"22":{"start":{"line":10,"column":19},"end":{"line":10,"column":68}},"23":{"start":{"line":9,"column":13},"end":{"line":56,"column":null}},"24":{"start":{"line":9,"column":13},"end":{"line":9,"column":31}},"25":{"start":{"line":58,"column":0},"end":{"line":58,"column":34}}},"fnMap":{"0":{"name":"(anonymous_2)","decl":{"start":{"line":12,"column":4},"end":{"line":12,"column":10}},"loc":{"start":{"line":12,"column":35},"end":{"line":15,"column":5}}},"1":{"name":"(anonymous_3)","decl":{"start":{"line":17,"column":4},"end":{"line":17,"column":10}},"loc":{"start":{"line":17,"column":56},"end":{"line":19,"column":5}}},"2":{"name":"(anonymous_4)","decl":{"start":{"line":22,"column":4},"end":{"line":22,"column":10}},"loc":{"start":{"line":22,"column":71},"end":{"line":27,"column":5}}},"3":{"name":"(anonymous_5)","decl":{"start":{"line":30,"column":12},"end":{"line":30,"column":18}},"loc":{"start":{"line":30,"column":73},"end":{"line":36,"column":5}}},"4":{"name":"(anonymous_6)","decl":{"start":{"line":31,"column":42},"end":{"line":31,"column":43}},"loc":{"start":{"line":31,"column":75},"end":{"line":33,"column":9}}},"5":{"name":"(anonymous_7)","decl":{"start":{"line":38,"column":12},"end":{"line":38,"column":18}},"loc":{"start":{"line":38,"column":88},"end":{"line":43,"column":5}}},"6":{"name":"(anonymous_8)","decl":{"start":{"line":45,"column":12},"end":{"line":45,"column":18}},"loc":{"start":{"line":45,"column":35},"end":{"line":47,"column":5}}},"7":{"name":"(anonymous_9)","decl":{"start":{"line":49,"column":12},"end":{"line":49,"column":18}},"loc":{"start":{"line":49,"column":50},"end":{"line":55,"column":5}}}},"branchMap":{"0":{"loc":{"start":{"line":40,"column":8},"end":{"line":42,"column":null}},"type":"if","locations":[{"start":{"line":40,"column":8},"end":{"line":42,"column":null}}]},"1":{"loc":{"start":{"line":40,"column":12},"end":{"line":40,"column":59}},"type":"binary-expr","locations":[{"start":{"line":40,"column":12},"end":{"line":40,"column":18}},{"start":{"line":40,"column":22},"end":{"line":40,"column":59}}]},"2":{"loc":{"start":{"line":41,"column":78},"end":{"line":41,"column":96}},"type":"binary-expr","locations":[{"start":{"line":41,"column":78},"end":{"line":41,"column":91}},{"start":{"line":41,"column":95},"end":{"line":41,"column":96}}]},"3":{"loc":{"start":{"line":50,"column":8},"end":{"line":52,"column":null}},"type":"if","locations":[{"start":{"line":50,"column":8},"end":{"line":52,"column":null}}]}},"s":{"0":1,"1":1,"2":1,"3":1,"4":1,"5":0,"6":0,"7":18,"8":0,"9":0,"10":0,"11":0,"12":0,"13":0,"14":0,"15":0,"16":0,"17":0,"18":0,"19":0,"20":0,"21":0,"22":1,"23":1,"24":1,"25":1},"f":{"0":0,"1":18,"2":0,"3":0,"4":0,"5":0,"6":0,"7":0},"b":{"0":[0],"1":[0,0],"2":[0,0],"3":[0]}}
,"/Users/bgr/Proyectos/apiV2/src/shared/service/decorator/logger-method.decorator.ts": {"path":"/Users/bgr/Proyectos/apiV2/src/shared/service/decorator/logger-method.decorator.ts","statementMap":{"0":{"start":{"line":2,"column":0},"end":{"line":2,"column":50}},"1":{"start":{"line":9,"column":36},"end":{"line":9,"column":89}},"2":{"start":{"line":11,"column":4},"end":{"line":13,"column":null}},"3":{"start":{"line":12,"column":8},"end":{"line":12,"column":26}},"4":{"start":{"line":15,"column":27},"end":{"line":15,"column":43}},"5":{"start":{"line":16,"column":22},"end":{"line":16,"column":45}},"6":{"start":{"line":18,"column":4},"end":{"line":32,"column":6}},"7":{"start":{"line":19,"column":20},"end":{"line":19,"column":27}},"8":{"start":{"line":20,"column":19},"end":{"line":20,"column":26}},"9":{"start":{"line":22,"column":8},"end":{"line":22,"column":40}},"10":{"start":{"line":24,"column":8},"end":{"line":31,"column":null}},"11":{"start":{"line":25,"column":27},"end":{"line":25,"column":59}},"12":{"start":{"line":26,"column":12},"end":{"line":26,"column":42}},"13":{"start":{"line":27,"column":12},"end":{"line":27,"column":94}},"14":{"start":{"line":28,"column":12},"end":{"line":28,"column":26}},"15":{"start":{"line":30,"column":12},"end":{"line":30,"column":58}},"16":{"start":{"line":33,"column":4},"end":{"line":33,"column":22}},"17":{"start":{"line":4,"column":0},"end":{"line":4,"column":16}},"18":{"start":{"line":37,"column":20},"end":{"line":37,"column":78}},"19":{"start":{"line":38,"column":4},"end":{"line":38,"column":38}},"20":{"start":{"line":42,"column":20},"end":{"line":42,"column":76}},"21":{"start":{"line":43,"column":4},"end":{"line":43,"column":38}},"22":{"start":{"line":47,"column":20},"end":{"line":47,"column":92}},"23":{"start":{"line":48,"column":4},"end":{"line":48,"column":38}},"24":{"start":{"line":52,"column":4},"end":{"line":54,"column":null}},"25":{"start":{"line":53,"column":8},"end":{"line":53,"column":36}},"26":{"start":{"line":55,"column":4},"end":{"line":55,"column":19}},"27":{"start":{"line":57,"column":4},"end":{"line":57,"column":19}}},"fnMap":{"0":{"name":"LoggerMethodDecorator","decl":{"start":{"line":4,"column":16},"end":{"line":4,"column":37}},"loc":{"start":{"line":7,"column":44},"end":{"line":34,"column":1}}},"1":{"name":"(anonymous_1)","decl":{"start":{"line":18,"column":23},"end":{"line":18,"column":33}},"loc":{"start":{"line":18,"column":47},"end":{"line":32,"column":5}}},"2":{"name":"startMethod","decl":{"start":{"line":36,"column":9},"end":{"line":36,"column":20}},"loc":{"start":{"line":36,"column":64},"end":{"line":39,"column":1}}},"3":{"name":"endMethod","decl":{"start":{"line":41,"column":9},"end":{"line":41,"column":18}},"loc":{"start":{"line":41,"column":62},"end":{"line":44,"column":1}}},"4":{"name":"errorOnMethod","decl":{"start":{"line":46,"column":9},"end":{"line":46,"column":22}},"loc":{"start":{"line":46,"column":81},"end":{"line":49,"column":1}}},"5":{"name":"addFromIp","decl":{"start":{"line":51,"column":9},"end":{"line":51,"column":18}},"loc":{"start":{"line":51,"column":47},"end":{"line":58,"column":1}}}},"branchMap":{"0":{"loc":{"start":{"line":9,"column":36},"end":{"line":9,"column":89}},"type":"cond-expr","locations":[{"start":{"line":9,"column":77},"end":{"line":9,"column":81}},{"start":{"line":9,"column":84},"end":{"line":9,"column":89}}]},"1":{"loc":{"start":{"line":11,"column":4},"end":{"line":13,"column":null}},"type":"if","locations":[{"start":{"line":11,"column":4},"end":{"line":13,"column":null}}]},"2":{"loc":{"start":{"line":52,"column":4},"end":{"line":54,"column":null}},"type":"if","locations":[{"start":{"line":52,"column":4},"end":{"line":54,"column":null}}]}},"s":{"0":1,"1":27,"2":27,"3":27,"4":0,"5":0,"6":0,"7":0,"8":0,"9":0,"10":0,"11":0,"12":0,"13":0,"14":0,"15":0,"16":0,"17":1,"18":0,"19":0,"20":0,"21":0,"22":0,"23":0,"24":0,"25":0,"26":0,"27":0},"f":{"0":27,"1":0,"2":0,"3":0,"4":0,"5":0},"b":{"0":[0,27],"1":[27],"2":[0]}}
,"/Users/bgr/Proyectos/apiV2/src/shared/service/global/global.util.env.service.ts": {"path":"/Users/bgr/Proyectos/apiV2/src/shared/service/global/global.util.env.service.ts","statementMap":{"0":{"start":{"line":2,"column":0},"end":{"line":2,"column":33}},"1":{"start":{"line":4,"column":0},"end":{"line":4,"column":92}},"2":{"start":{"line":7,"column":7},"end":{"line":64,"column":null}},"3":{"start":{"line":9,"column":8},"end":{"line":9,"column":77}},"4":{"start":{"line":13,"column":8},"end":{"line":13,"column":81}},"5":{"start":{"line":17,"column":32},"end":{"line":17,"column":87}},"6":{"start":{"line":18,"column":8},"end":{"line":18,"column":34}},"7":{"start":{"line":22,"column":8},"end":{"line":26,"column":10}},"8":{"start":{"line":30,"column":8},"end":{"line":34,"column":10}},"9":{"start":{"line":38,"column":8},"end":{"line":40,"column":null}},"10":{"start":{"line":39,"column":12},"end":{"line":39,"column":79}},"11":{"start":{"line":42,"column":52},"end":{"line":42,"column":66}},"12":{"start":{"line":44,"column":8},"end":{"line":46,"column":null}},"13":{"start":{"line":45,"column":12},"end":{"line":45,"column":86}},"14":{"start":{"line":48,"column":8},"end":{"line":48,"column":43}},"15":{"start":{"line":52,"column":8},"end":{"line":54,"column":null}},"16":{"start":{"line":53,"column":12},"end":{"line":53,"column":79}},"17":{"start":{"line":56,"column":52},"end":{"line":56,"column":73}},"18":{"start":{"line":58,"column":8},"end":{"line":60,"column":null}},"19":{"start":{"line":59,"column":12},"end":{"line":59,"column":86}},"20":{"start":{"line":62,"column":8},"end":{"line":62,"column":43}},"21":{"start":{"line":7,"column":13},"end":{"line":64,"column":null}},"22":{"start":{"line":7,"column":13},"end":{"line":7,"column":33}}},"fnMap":{"0":{"name":"(anonymous_1)","decl":{"start":{"line":8,"column":11},"end":{"line":8,"column":17}},"loc":{"start":{"line":8,"column":34},"end":{"line":10,"column":5}}},"1":{"name":"(anonymous_2)","decl":{"start":{"line":12,"column":11},"end":{"line":12,"column":17}},"loc":{"start":{"line":12,"column":37},"end":{"line":14,"column":5}}},"2":{"name":"(anonymous_3)","decl":{"start":{"line":16,"column":11},"end":{"line":16,"column":17}},"loc":{"start":{"line":16,"column":28},"end":{"line":19,"column":5}}},"3":{"name":"(anonymous_4)","decl":{"start":{"line":21,"column":11},"end":{"line":21,"column":17}},"loc":{"start":{"line":21,"column":36},"end":{"line":27,"column":5}}},"4":{"name":"(anonymous_5)","decl":{"start":{"line":29,"column":11},"end":{"line":29,"column":17}},"loc":{"start":{"line":29,"column":36},"end":{"line":35,"column":5}}},"5":{"name":"(anonymous_6)","decl":{"start":{"line":37,"column":12},"end":{"line":37,"column":18}},"loc":{"start":{"line":37,"column":65},"end":{"line":49,"column":5}}},"6":{"name":"(anonymous_7)","decl":{"start":{"line":51,"column":12},"end":{"line":51,"column":18}},"loc":{"start":{"line":51,"column":65},"end":{"line":63,"column":5}}}},"branchMap":{"0":{"loc":{"start":{"line":38,"column":8},"end":{"line":40,"column":null}},"type":"if","locations":[{"start":{"line":38,"column":8},"end":{"line":40,"column":null}}]},"1":{"loc":{"start":{"line":42,"column":52},"end":{"line":42,"column":66}},"type":"binary-expr","locations":[{"start":{"line":42,"column":52},"end":{"line":42,"column":60}},{"start":{"line":42,"column":64},"end":{"line":42,"column":66}}]},"2":{"loc":{"start":{"line":44,"column":8},"end":{"line":46,"column":null}},"type":"if","locations":[{"start":{"line":44,"column":8},"end":{"line":46,"column":null}}]},"3":{"loc":{"start":{"line":52,"column":8},"end":{"line":54,"column":null}},"type":"if","locations":[{"start":{"line":52,"column":8},"end":{"line":54,"column":null}}]},"4":{"loc":{"start":{"line":56,"column":52},"end":{"line":56,"column":73}},"type":"binary-expr","locations":[{"start":{"line":56,"column":52},"end":{"line":56,"column":68}},{"start":{"line":56,"column":72},"end":{"line":56,"column":73}}]},"5":{"loc":{"start":{"line":58,"column":8},"end":{"line":60,"column":null}},"type":"if","locations":[{"start":{"line":58,"column":8},"end":{"line":60,"column":null}}]},"6":{"loc":{"start":{"line":58,"column":12},"end":{"line":58,"column":78}},"type":"binary-expr","locations":[{"start":{"line":58,"column":12},"end":{"line":58,"column":40}},{"start":{"line":58,"column":44},"end":{"line":58,"column":78}}]}},"s":{"0":1,"1":1,"2":1,"3":1,"4":0,"5":0,"6":0,"7":0,"8":0,"9":1,"10":0,"11":1,"12":1,"13":0,"14":1,"15":0,"16":0,"17":0,"18":0,"19":0,"20":0,"21":1,"22":1},"f":{"0":1,"1":0,"2":0,"3":0,"4":0,"5":1,"6":0},"b":{"0":[0],"1":[1,0],"2":[0],"3":[0],"4":[0,0],"5":[0],"6":[0,0]}}
,"/Users/bgr/Proyectos/apiV2/src/shared/service/global/global.util.number.service.ts": {"path":"/Users/bgr/Proyectos/apiV2/src/shared/service/global/global.util.number.service.ts","statementMap":{"0":{"start":{"line":1,"column":0},"end":{"line":1,"column":89}},"1":{"start":{"line":2,"column":0},"end":{"line":2,"column":84}},"2":{"start":{"line":3,"column":0},"end":{"line":3,"column":67}},"3":{"start":{"line":4,"column":0},"end":{"line":4,"column":33}},"4":{"start":{"line":9,"column":7},"end":{"line":43,"column":null}},"5":{"start":{"line":11,"column":34},"end":{"line":11,"column":46}},"6":{"start":{"line":13,"column":8},"end":{"line":15,"column":null}},"7":{"start":{"line":14,"column":12},"end":{"line":14,"column":88}},"8":{"start":{"line":17,"column":39},"end":{"line":17,"column":56}},"9":{"start":{"line":19,"column":8},"end":{"line":21,"column":null}},"10":{"start":{"line":20,"column":12},"end":{"line":20,"column":46}},"11":{"start":{"line":23,"column":36},"end":{"line":23,"column":64}},"12":{"start":{"line":25,"column":8},"end":{"line":27,"column":null}},"13":{"start":{"line":26,"column":12},"end":{"line":26,"column":100}},"14":{"start":{"line":29,"column":8},"end":{"line":29,"column":27}},"15":{"start":{"line":33,"column":8},"end":{"line":35,"column":null}},"16":{"start":{"line":34,"column":12},"end":{"line":34,"column":83}},"17":{"start":{"line":37,"column":33},"end":{"line":37,"column":63}},"18":{"start":{"line":38,"column":34},"end":{"line":38,"column":65}},"19":{"start":{"line":40,"column":41},"end":{"line":40,"column":79}},"20":{"start":{"line":41,"column":8},"end":{"line":41,"column":31}},"21":{"start":{"line":9,"column":13},"end":{"line":43,"column":null}},"22":{"start":{"line":9,"column":13},"end":{"line":9,"column":36}}},"fnMap":{"0":{"name":"(anonymous_1)","decl":{"start":{"line":10,"column":11},"end":{"line":10,"column":24}},"loc":{"start":{"line":10,"column":44},"end":{"line":30,"column":5}}},"1":{"name":"(anonymous_2)","decl":{"start":{"line":32,"column":11},"end":{"line":32,"column":32}},"loc":{"start":{"line":32,"column":84},"end":{"line":42,"column":5}}}},"branchMap":{"0":{"loc":{"start":{"line":13,"column":8},"end":{"line":15,"column":null}},"type":"if","locations":[{"start":{"line":13,"column":8},"end":{"line":15,"column":null}}]},"1":{"loc":{"start":{"line":19,"column":8},"end":{"line":21,"column":null}},"type":"if","locations":[{"start":{"line":19,"column":8},"end":{"line":21,"column":null}}]},"2":{"loc":{"start":{"line":19,"column":12},"end":{"line":19,"column":89}},"type":"binary-expr","locations":[{"start":{"line":19,"column":12},"end":{"line":19,"column":48}},{"start":{"line":19,"column":52},"end":{"line":19,"column":89}}]},"3":{"loc":{"start":{"line":25,"column":8},"end":{"line":27,"column":null}},"type":"if","locations":[{"start":{"line":25,"column":8},"end":{"line":27,"column":null}}]},"4":{"loc":{"start":{"line":33,"column":8},"end":{"line":35,"column":null}},"type":"if","locations":[{"start":{"line":33,"column":8},"end":{"line":35,"column":null}}]}},"s":{"0":1,"1":1,"2":1,"3":1,"4":1,"5":0,"6":0,"7":0,"8":0,"9":0,"10":0,"11":0,"12":0,"13":0,"14":0,"15":0,"16":0,"17":0,"18":0,"19":0,"20":0,"21":1,"22":1},"f":{"0":0,"1":0},"b":{"0":[0],"1":[0],"2":[0,0],"3":[0],"4":[0]}}
,"/Users/bgr/Proyectos/apiV2/src/shared/service/global/global.util.validate.service.ts": {"path":"/Users/bgr/Proyectos/apiV2/src/shared/service/global/global.util.validate.service.ts","statementMap":{"0":{"start":{"line":1,"column":0},"end":{"line":1,"column":89}},"1":{"start":{"line":2,"column":0},"end":{"line":2,"column":67}},"2":{"start":{"line":3,"column":0},"end":{"line":3,"column":83}},"3":{"start":{"line":4,"column":0},"end":{"line":4,"column":41}},"4":{"start":{"line":5,"column":0},"end":{"line":5,"column":71}},"5":{"start":{"line":8,"column":7},"end":{"line":19,"column":null}},"6":{"start":{"line":9,"column":34},"end":{"line":9,"column":60}},"7":{"start":{"line":13,"column":33},"end":{"line":13,"column":101}},"8":{"start":{"line":15,"column":8},"end":{"line":17,"column":null}},"9":{"start":{"line":16,"column":12},"end":{"line":16,"column":89}},"10":{"start":{"line":11,"column":4},"end":{"line":18,"column":null}},"11":{"start":{"line":8,"column":13},"end":{"line":19,"column":null}},"12":{"start":{"line":8,"column":13},"end":{"line":8,"column":38}}},"fnMap":{"0":{"name":"(anonymous_4)","decl":{"start":{"line":9,"column":4},"end":{"line":9,"column":17}},"loc":{"start":{"line":9,"column":83},"end":{"line":9,"column":87}}},"1":{"name":"(anonymous_5)","decl":{"start":{"line":12,"column":11},"end":{"line":12,"column":38}},"loc":{"start":{"line":12,"column":70},"end":{"line":18,"column":5}}}},"branchMap":{"0":{"loc":{"start":{"line":15,"column":8},"end":{"line":17,"column":null}},"type":"if","locations":[{"start":{"line":15,"column":8},"end":{"line":17,"column":null}}]}},"s":{"0":1,"1":1,"2":1,"3":1,"4":1,"5":1,"6":0,"7":0,"8":0,"9":0,"10":1,"11":1,"12":1},"f":{"0":0,"1":0},"b":{"0":[0]}}
,"/Users/bgr/Proyectos/apiV2/tests/data/service/link.service.test.data.ts": {"path":"/Users/bgr/Proyectos/apiV2/tests/data/service/link.service.test.data.ts","statementMap":{"0":{"start":{"line":1,"column":0},"end":{"line":1,"column":89}},"1":{"start":{"line":3,"column":0},"end":{"line":3,"column":54}},"2":{"start":{"line":8,"column":8},"end":{"line":11,"column":10}},"3":{"start":{"line":15,"column":8},"end":{"line":22,"column":10}},"4":{"start":{"line":26,"column":8},"end":{"line":29,"column":10}},"5":{"start":{"line":33,"column":8},"end":{"line":33,"column":73}},"6":{"start":{"line":37,"column":8},"end":{"line":40,"column":10}},"7":{"start":{"line":44,"column":8},"end":{"line":44,"column":72}},"8":{"start":{"line":48,"column":8},"end":{"line":48,"column":17}},"9":{"start":{"line":6,"column":0},"end":{"line":6,"column":13}}},"fnMap":{"0":{"name":"(anonymous_0)","decl":{"start":{"line":7,"column":4},"end":{"line":7,"column":17}},"loc":{"start":{"line":7,"column":17},"end":{"line":12,"column":5}}},"1":{"name":"(anonymous_1)","decl":{"start":{"line":14,"column":4},"end":{"line":14,"column":17}},"loc":{"start":{"line":14,"column":17},"end":{"line":23,"column":5}}},"2":{"name":"(anonymous_2)","decl":{"start":{"line":25,"column":4},"end":{"line":25,"column":30}},"loc":{"start":{"line":25,"column":30},"end":{"line":30,"column":5}}},"3":{"name":"(anonymous_3)","decl":{"start":{"line":32,"column":4},"end":{"line":32,"column":33}},"loc":{"start":{"line":32,"column":33},"end":{"line":34,"column":5}}},"4":{"name":"(anonymous_4)","decl":{"start":{"line":36,"column":4},"end":{"line":36,"column":29}},"loc":{"start":{"line":36,"column":29},"end":{"line":41,"column":5}}},"5":{"name":"(anonymous_5)","decl":{"start":{"line":43,"column":4},"end":{"line":43,"column":32}},"loc":{"start":{"line":43,"column":32},"end":{"line":45,"column":5}}},"6":{"name":"(anonymous_6)","decl":{"start":{"line":47,"column":4},"end":{"line":47,"column":13}},"loc":{"start":{"line":47,"column":13},"end":{"line":49,"column":5}}}},"branchMap":{},"s":{"0":1,"1":1,"2":3,"3":1,"4":1,"5":1,"6":1,"7":1,"8":2,"9":1},"f":{"0":3,"1":1,"2":1,"3":1,"4":1,"5":1,"6":2},"b":{}}
}
