{"/Users/bgr/Proyectos/apiV2/src/app.logger.ts": {"path":"/Users/bgr/Proyectos/apiV2/src/app.logger.ts","statementMap":{"0":{"start":{"line":1,"column":0},"end":{"line":1,"column":42}},"1":{"start":{"line":2,"column":0},"end":{"line":2,"column":56}},"2":{"start":{"line":4,"column":15},"end":{"line":4,"column":21}},"3":{"start":{"line":5,"column":18},"end":{"line":7,"column":2}},"4":{"start":{"line":6,"column":4},"end":{"line":6,"column":84}},"5":{"start":{"line":9,"column":19},"end":{"line":25,"column":2}},"6":{"start":{"line":27,"column":15},"end":{"line":29,"column":2}},"7":{"start":{"line":31,"column":0},"end":{"line":31,"column":22}}},"fnMap":{"0":{"name":"(anonymous_7)","decl":{"start":{"line":5,"column":32},"end":{"line":5,"column":33}},"loc":{"start":{"line":5,"column":72},"end":{"line":7,"column":1}}}},"branchMap":{"0":{"loc":{"start":{"line":6,"column":49},"end":{"line":6,"column":81}},"type":"cond-expr","locations":[{"start":{"line":6,"column":56},"end":{"line":6,"column":76}},{"start":{"line":6,"column":79},"end":{"line":6,"column":81}}]}},"s":{"0":1,"1":1,"2":1,"3":1,"4":2,"5":1,"6":1,"7":1},"f":{"0":2},"b":{"0":[0,2]}}
,"/Users/bgr/Proyectos/apiV2/src/app.translate.ts": {"path":"/Users/bgr/Proyectos/apiV2/src/app.translate.ts","statementMap":{"0":{"start":{"line":1,"column":0},"end":{"line":1,"column":102}},"1":{"start":{"line":2,"column":0},"end":{"line":2,"column":34}},"2":{"start":{"line":3,"column":0},"end":{"line":3,"column":29}},"3":{"start":{"line":5,"column":25},"end":{"line":5,"column":70}},"4":{"start":{"line":7,"column":0},"end":{"line":16,"column":3}},"5":{"start":{"line":18,"column":0},"end":{"line":18,"column":25}}},"fnMap":{},"branchMap":{},"s":{"0":1,"1":1,"2":1,"3":1,"4":1,"5":1},"f":{},"b":{}}
,"/Users/bgr/Proyectos/apiV2/src/authApi/domain/entity/application.entity.ts": {"path":"/Users/bgr/Proyectos/apiV2/src/authApi/domain/entity/application.entity.ts","statementMap":{"0":{"start":{"line":1,"column":0},"end":{"line":1,"column":49}},"1":{"start":{"line":2,"column":0},"end":{"line":2,"column":76}},"2":{"start":{"line":5,"column":0},"end":{"line":5,"column":66}},"3":{"start":{"line":8,"column":7},"end":{"line":17,"column":null}},"4":{"start":{"line":9,"column":4},"end":{"line":10,"column":null}},"5":{"start":{"line":12,"column":4},"end":{"line":13,"column":null}},"6":{"start":{"line":15,"column":4},"end":{"line":16,"column":null}},"7":{"start":{"line":15,"column":21},"end":{"line":15,"column":42}},"8":{"start":{"line":15,"column":65},"end":{"line":15,"column":92}},"9":{"start":{"line":8,"column":13},"end":{"line":17,"column":null}},"10":{"start":{"line":8,"column":13},"end":{"line":8,"column":30}}},"fnMap":{"0":{"name":"(anonymous_2)","decl":{"start":{"line":15,"column":15},"end":{"line":15,"column":18}},"loc":{"start":{"line":15,"column":21},"end":{"line":15,"column":42}}},"1":{"name":"(anonymous_3)","decl":{"start":{"line":15,"column":44},"end":{"line":15,"column":45}},"loc":{"start":{"line":15,"column":65},"end":{"line":15,"column":92}}}},"branchMap":{},"s":{"0":1,"1":1,"2":1,"3":1,"4":1,"5":1,"6":1,"7":0,"8":0,"9":1,"10":1},"f":{"0":0,"1":0},"b":{}}
,"/Users/bgr/Proyectos/apiV2/src/authApi/domain/entity/user-application.entity.ts": {"path":"/Users/bgr/Proyectos/apiV2/src/authApi/domain/entity/user-application.entity.ts","statementMap":{"0":{"start":{"line":1,"column":0},"end":{"line":1,"column":49}},"1":{"start":{"line":2,"column":0},"end":{"line":2,"column":76}},"2":{"start":{"line":4,"column":0},"end":{"line":4,"column":57}},"3":{"start":{"line":5,"column":0},"end":{"line":5,"column":43}},"4":{"start":{"line":8,"column":7},"end":{"line":23,"column":null}},"5":{"start":{"line":9,"column":4},"end":{"line":10,"column":null}},"6":{"start":{"line":12,"column":4},"end":{"line":13,"column":null}},"7":{"start":{"line":12,"column":21},"end":{"line":12,"column":31}},"8":{"start":{"line":12,"column":43},"end":{"line":12,"column":63}},"9":{"start":{"line":15,"column":4},"end":{"line":16,"column":null}},"10":{"start":{"line":15,"column":21},"end":{"line":15,"column":38}},"11":{"start":{"line":15,"column":57},"end":{"line":15,"column":88}},"12":{"start":{"line":18,"column":4},"end":{"line":19,"column":null}},"13":{"start":{"line":21,"column":4},"end":{"line":22,"column":null}},"14":{"start":{"line":8,"column":13},"end":{"line":23,"column":null}},"15":{"start":{"line":8,"column":13},"end":{"line":8,"column":34}}},"fnMap":{"0":{"name":"(anonymous_2)","decl":{"start":{"line":12,"column":15},"end":{"line":12,"column":18}},"loc":{"start":{"line":12,"column":21},"end":{"line":12,"column":31}}},"1":{"name":"(anonymous_3)","decl":{"start":{"line":12,"column":33},"end":{"line":12,"column":34}},"loc":{"start":{"line":12,"column":43},"end":{"line":12,"column":63}}},"2":{"name":"(anonymous_4)","decl":{"start":{"line":15,"column":15},"end":{"line":15,"column":18}},"loc":{"start":{"line":15,"column":21},"end":{"line":15,"column":38}}},"3":{"name":"(anonymous_5)","decl":{"start":{"line":15,"column":40},"end":{"line":15,"column":41}},"loc":{"start":{"line":15,"column":57},"end":{"line":15,"column":88}}}},"branchMap":{},"s":{"0":1,"1":1,"2":1,"3":1,"4":1,"5":1,"6":1,"7":0,"8":0,"9":1,"10":0,"11":0,"12":1,"13":1,"14":1,"15":1},"f":{"0":0,"1":0,"2":0,"3":0},"b":{}}
,"/Users/bgr/Proyectos/apiV2/src/authApi/domain/entity/user.entity.ts": {"path":"/Users/bgr/Proyectos/apiV2/src/authApi/domain/entity/user.entity.ts","statementMap":{"0":{"start":{"line":1,"column":0},"end":{"line":1,"column":49}},"1":{"start":{"line":2,"column":0},"end":{"line":2,"column":60}},"2":{"start":{"line":3,"column":0},"end":{"line":3,"column":104}},"3":{"start":{"line":5,"column":0},"end":{"line":5,"column":66}},"4":{"start":{"line":8,"column":7},"end":{"line":27,"column":null}},"5":{"start":{"line":24,"column":49},"end":{"line":24,"column":70}},"6":{"start":{"line":25,"column":8},"end":{"line":25,"column":74}},"7":{"start":{"line":9,"column":4},"end":{"line":10,"column":null}},"8":{"start":{"line":12,"column":4},"end":{"line":13,"column":null}},"9":{"start":{"line":15,"column":4},"end":{"line":16,"column":null}},"10":{"start":{"line":18,"column":4},"end":{"line":19,"column":null}},"11":{"start":{"line":18,"column":21},"end":{"line":18,"column":42}},"12":{"start":{"line":18,"column":65},"end":{"line":18,"column":85}},"13":{"start":{"line":23,"column":10},"end":{"line":26,"column":null}},"14":{"start":{"line":8,"column":13},"end":{"line":27,"column":null}},"15":{"start":{"line":8,"column":13},"end":{"line":8,"column":23}}},"fnMap":{"0":{"name":"(anonymous_2)","decl":{"start":{"line":23,"column":4},"end":{"line":23,"column":9}},"loc":{"start":{"line":23,"column":22},"end":{"line":26,"column":5}}},"1":{"name":"(anonymous_3)","decl":{"start":{"line":18,"column":15},"end":{"line":18,"column":18}},"loc":{"start":{"line":18,"column":21},"end":{"line":18,"column":42}}},"2":{"name":"(anonymous_4)","decl":{"start":{"line":18,"column":44},"end":{"line":18,"column":45}},"loc":{"start":{"line":18,"column":65},"end":{"line":18,"column":85}}}},"branchMap":{},"s":{"0":1,"1":1,"2":1,"3":1,"4":1,"5":0,"6":0,"7":1,"8":1,"9":1,"10":1,"11":0,"12":0,"13":1,"14":1,"15":1},"f":{"0":0,"1":0,"2":0},"b":{}}
,"/Users/bgr/Proyectos/apiV2/src/authApi/domain/mapper/user/userEntityToUser.mapper.ts": {"path":"/Users/bgr/Proyectos/apiV2/src/authApi/domain/mapper/user/userEntityToUser.mapper.ts","statementMap":{"0":{"start":{"line":3,"column":0},"end":{"line":3,"column":33}},"1":{"start":{"line":6,"column":7},"end":{"line":28,"column":null}},"2":{"start":{"line":8,"column":28},"end":{"line":12,"column":10}},"3":{"start":{"line":14,"column":8},"end":{"line":14,"column":20}},"4":{"start":{"line":18,"column":8},"end":{"line":20,"column":null}},"5":{"start":{"line":19,"column":12},"end":{"line":19,"column":38}},"6":{"start":{"line":22,"column":35},"end":{"line":24,"column":10}},"7":{"start":{"line":23,"column":12},"end":{"line":23,"column":40}},"8":{"start":{"line":26,"column":8},"end":{"line":26,"column":25}},"9":{"start":{"line":6,"column":13},"end":{"line":28,"column":null}},"10":{"start":{"line":6,"column":13},"end":{"line":6,"column":35}}},"fnMap":{"0":{"name":"(anonymous_1)","decl":{"start":{"line":7,"column":11},"end":{"line":7,"column":14}},"loc":{"start":{"line":7,"column":37},"end":{"line":15,"column":5}}},"1":{"name":"(anonymous_2)","decl":{"start":{"line":17,"column":11},"end":{"line":17,"column":18}},"loc":{"start":{"line":17,"column":47},"end":{"line":27,"column":5}}},"2":{"name":"(anonymous_3)","decl":{"start":{"line":22,"column":54},"end":{"line":22,"column":55}},"loc":{"start":{"line":22,"column":81},"end":{"line":24,"column":9}}}},"branchMap":{"0":{"loc":{"start":{"line":18,"column":8},"end":{"line":20,"column":null}},"type":"if","locations":[{"start":{"line":18,"column":8},"end":{"line":20,"column":null}}]}},"s":{"0":1,"1":1,"2":0,"3":0,"4":0,"5":0,"6":0,"7":0,"8":0,"9":1,"10":1},"f":{"0":0,"1":0,"2":0},"b":{"0":[0]}}
,"/Users/bgr/Proyectos/apiV2/src/authApi/domain/mapper/user/userEntityToUserCreated.mapper.ts": {"path":"/Users/bgr/Proyectos/apiV2/src/authApi/domain/mapper/user/userEntityToUserCreated.mapper.ts","statementMap":{"0":{"start":{"line":3,"column":0},"end":{"line":3,"column":33}},"1":{"start":{"line":6,"column":7},"end":{"line":16,"column":null}},"2":{"start":{"line":8,"column":43},"end":{"line":12,"column":10}},"3":{"start":{"line":14,"column":8},"end":{"line":14,"column":28}},"4":{"start":{"line":6,"column":13},"end":{"line":16,"column":null}},"5":{"start":{"line":6,"column":13},"end":{"line":6,"column":42}}},"fnMap":{"0":{"name":"(anonymous_1)","decl":{"start":{"line":7,"column":11},"end":{"line":7,"column":31}},"loc":{"start":{"line":7,"column":77},"end":{"line":15,"column":5}}}},"branchMap":{},"s":{"0":1,"1":1,"2":0,"3":0,"4":1,"5":1},"f":{"0":0},"b":{}}
,"/Users/bgr/Proyectos/apiV2/src/authApi/domain/mapper/user/userUpdateToUserEntity.mapper.ts": {"path":"/Users/bgr/Proyectos/apiV2/src/authApi/domain/mapper/user/userUpdateToUserEntity.mapper.ts","statementMap":{"0":{"start":{"line":1,"column":0},"end":{"line":1,"column":49}},"1":{"start":{"line":3,"column":0},"end":{"line":3,"column":33}},"2":{"start":{"line":6,"column":7},"end":{"line":15,"column":null}},"3":{"start":{"line":8,"column":40},"end":{"line":8,"column":56}},"4":{"start":{"line":9,"column":8},"end":{"line":9,"column":39}},"5":{"start":{"line":10,"column":8},"end":{"line":10,"column":51}},"6":{"start":{"line":11,"column":8},"end":{"line":11,"column":51}},"7":{"start":{"line":13,"column":8},"end":{"line":13,"column":27}},"8":{"start":{"line":6,"column":13},"end":{"line":15,"column":null}},"9":{"start":{"line":6,"column":13},"end":{"line":6,"column":42}}},"fnMap":{"0":{"name":"(anonymous_1)","decl":{"start":{"line":7,"column":11},"end":{"line":7,"column":14}},"loc":{"start":{"line":7,"column":39},"end":{"line":14,"column":5}}}},"branchMap":{},"s":{"0":1,"1":1,"2":1,"3":0,"4":0,"5":0,"6":0,"7":0,"8":1,"9":1},"f":{"0":0},"b":{}}
,"/Users/bgr/Proyectos/apiV2/src/authApi/domain/repository/application.repository.ts": {"path":"/Users/bgr/Proyectos/apiV2/src/authApi/domain/repository/application.repository.ts","statementMap":{"0":{"start":{"line":2,"column":0},"end":{"line":2,"column":103}},"1":{"start":{"line":3,"column":0},"end":{"line":3,"column":83}},"2":{"start":{"line":4,"column":0},"end":{"line":4,"column":41}},"3":{"start":{"line":5,"column":0},"end":{"line":5,"column":37}},"4":{"start":{"line":7,"column":0},"end":{"line":7,"column":65}},"5":{"start":{"line":10,"column":7},"end":{"line":23,"column":null}},"6":{"start":{"line":11,"column":56},"end":{"line":11,"column":80}},"7":{"start":{"line":15,"column":61},"end":{"line":15,"column":127}},"8":{"start":{"line":17,"column":8},"end":{"line":19,"column":null}},"9":{"start":{"line":18,"column":12},"end":{"line":18,"column":100}},"10":{"start":{"line":21,"column":8},"end":{"line":21,"column":34}},"11":{"start":{"line":14,"column":17},"end":{"line":22,"column":null}},"12":{"start":{"line":10,"column":13},"end":{"line":23,"column":null}},"13":{"start":{"line":10,"column":13},"end":{"line":10,"column":34}}},"fnMap":{"0":{"name":"(anonymous_4)","decl":{"start":{"line":11,"column":4},"end":{"line":11,"column":17}},"loc":{"start":{"line":11,"column":109},"end":{"line":11,"column":113}}},"1":{"name":"(anonymous_5)","decl":{"start":{"line":14,"column":11},"end":{"line":14,"column":16}},"loc":{"start":{"line":14,"column":46},"end":{"line":22,"column":5}}}},"branchMap":{"0":{"loc":{"start":{"line":17,"column":8},"end":{"line":19,"column":null}},"type":"if","locations":[{"start":{"line":17,"column":8},"end":{"line":19,"column":null}}]}},"s":{"0":1,"1":1,"2":1,"3":1,"4":1,"5":1,"6":0,"7":0,"8":0,"9":0,"10":0,"11":1,"12":1,"13":1},"f":{"0":0,"1":0},"b":{"0":[0]}}
,"/Users/bgr/Proyectos/apiV2/src/authApi/domain/repository/user-application.repository.ts": {"path":"/Users/bgr/Proyectos/apiV2/src/authApi/domain/repository/user-application.repository.ts","statementMap":{"0":{"start":{"line":2,"column":0},"end":{"line":2,"column":103}},"1":{"start":{"line":3,"column":0},"end":{"line":3,"column":83}},"2":{"start":{"line":4,"column":0},"end":{"line":4,"column":41}},"3":{"start":{"line":5,"column":0},"end":{"line":5,"column":37}},"4":{"start":{"line":7,"column":0},"end":{"line":7,"column":65}},"5":{"start":{"line":9,"column":0},"end":{"line":9,"column":74}},"6":{"start":{"line":10,"column":0},"end":{"line":10,"column":51}},"7":{"start":{"line":13,"column":7},"end":{"line":33,"column":null}},"8":{"start":{"line":16,"column":16},"end":{"line":16,"column":44}},"9":{"start":{"line":21,"column":40},"end":{"line":21,"column":67}},"10":{"start":{"line":22,"column":8},"end":{"line":22,"column":50}},"11":{"start":{"line":23,"column":8},"end":{"line":23,"column":64}},"12":{"start":{"line":25,"column":39},"end":{"line":25,"column":106}},"13":{"start":{"line":27,"column":8},"end":{"line":29,"column":null}},"14":{"start":{"line":28,"column":12},"end":{"line":28,"column":139}},"15":{"start":{"line":31,"column":8},"end":{"line":31,"column":38}},"16":{"start":{"line":20,"column":17},"end":{"line":32,"column":null}},"17":{"start":{"line":13,"column":13},"end":{"line":33,"column":null}},"18":{"start":{"line":13,"column":13},"end":{"line":13,"column":38}}},"fnMap":{"0":{"name":"(anonymous_4)","decl":{"start":{"line":14,"column":4},"end":{"line":14,"column":null}},"loc":{"start":{"line":16,"column":77},"end":{"line":17,"column":8}}},"1":{"name":"(anonymous_5)","decl":{"start":{"line":20,"column":11},"end":{"line":20,"column":16}},"loc":{"start":{"line":20,"column":84},"end":{"line":32,"column":5}}}},"branchMap":{"0":{"loc":{"start":{"line":27,"column":8},"end":{"line":29,"column":null}},"type":"if","locations":[{"start":{"line":27,"column":8},"end":{"line":29,"column":null}}]},"1":{"loc":{"start":{"line":27,"column":12},"end":{"line":27,"column":67}},"type":"binary-expr","locations":[{"start":{"line":27,"column":12},"end":{"line":27,"column":35}},{"start":{"line":27,"column":39},"end":{"line":27,"column":67}}]}},"s":{"0":1,"1":1,"2":1,"3":1,"4":1,"5":1,"6":1,"7":1,"8":0,"9":0,"10":0,"11":0,"12":0,"13":0,"14":0,"15":0,"16":1,"17":1,"18":1},"f":{"0":0,"1":0},"b":{"0":[0],"1":[0,0]}}
,"/Users/bgr/Proyectos/apiV2/src/authApi/domain/repository/user.repository.ts": {"path":"/Users/bgr/Proyectos/apiV2/src/authApi/domain/repository/user.repository.ts","statementMap":{"0":{"start":{"line":1,"column":0},"end":{"line":1,"column":89}},"1":{"start":{"line":2,"column":0},"end":{"line":2,"column":55}},"2":{"start":{"line":3,"column":0},"end":{"line":3,"column":83}},"3":{"start":{"line":4,"column":0},"end":{"line":4,"column":58}},"4":{"start":{"line":5,"column":0},"end":{"line":5,"column":41}},"5":{"start":{"line":6,"column":0},"end":{"line":6,"column":49}},"6":{"start":{"line":7,"column":0},"end":{"line":7,"column":51}},"7":{"start":{"line":8,"column":0},"end":{"line":8,"column":93}},"8":{"start":{"line":12,"column":7},"end":{"line":105,"column":null}},"9":{"start":{"line":14,"column":41},"end":{"line":14,"column":58}},"10":{"start":{"line":15,"column":26},"end":{"line":15,"column":58}},"11":{"start":{"line":16,"column":26},"end":{"line":16,"column":39}},"12":{"start":{"line":21,"column":37},"end":{"line":21,"column":53}},"13":{"start":{"line":22,"column":8},"end":{"line":22,"column":37}},"14":{"start":{"line":23,"column":8},"end":{"line":23,"column":37}},"15":{"start":{"line":25,"column":28},"end":{"line":25,"column":64}},"16":{"start":{"line":26,"column":8},"end":{"line":26,"column":30}},"17":{"start":{"line":27,"column":8},"end":{"line":27,"column":39}},"18":{"start":{"line":29,"column":35},"end":{"line":29,"column":75}},"19":{"start":{"line":31,"column":8},"end":{"line":34,"column":null}},"20":{"start":{"line":32,"column":12},"end":{"line":32,"column":52}},"21":{"start":{"line":33,"column":12},"end":{"line":33,"column":109}},"22":{"start":{"line":36,"column":8},"end":{"line":36,"column":46}},"23":{"start":{"line":37,"column":8},"end":{"line":37,"column":36}},"24":{"start":{"line":39,"column":8},"end":{"line":39,"column":57}},"25":{"start":{"line":44,"column":40},"end":{"line":44,"column":91}},"26":{"start":{"line":46,"column":28},"end":{"line":46,"column":64}},"27":{"start":{"line":47,"column":8},"end":{"line":47,"column":30}},"28":{"start":{"line":48,"column":8},"end":{"line":48,"column":39}},"29":{"start":{"line":50,"column":29},"end":{"line":50,"column":101}},"30":{"start":{"line":52,"column":8},"end":{"line":55,"column":null}},"31":{"start":{"line":53,"column":12},"end":{"line":53,"column":52}},"32":{"start":{"line":54,"column":12},"end":{"line":54,"column":105}},"33":{"start":{"line":57,"column":8},"end":{"line":57,"column":46}},"34":{"start":{"line":58,"column":8},"end":{"line":58,"column":36}},"35":{"start":{"line":60,"column":8},"end":{"line":60,"column":50}},"36":{"start":{"line":65,"column":47},"end":{"line":65,"column":99}},"37":{"start":{"line":67,"column":8},"end":{"line":69,"column":null}},"38":{"start":{"line":68,"column":12},"end":{"line":68,"column":87}},"39":{"start":{"line":71,"column":8},"end":{"line":71,"column":27}},"40":{"start":{"line":76,"column":47},"end":{"line":76,"column":107}},"41":{"start":{"line":78,"column":8},"end":{"line":80,"column":null}},"42":{"start":{"line":79,"column":12},"end":{"line":79,"column":31}},"43":{"start":{"line":82,"column":8},"end":{"line":84,"column":null}},"44":{"start":{"line":83,"column":12},"end":{"line":83,"column":95}},"45":{"start":{"line":86,"column":8},"end":{"line":86,"column":27}},"46":{"start":{"line":91,"column":47},"end":{"line":91,"column":127}},"47":{"start":{"line":93,"column":8},"end":{"line":95,"column":null}},"48":{"start":{"line":94,"column":12},"end":{"line":94,"column":95}},"49":{"start":{"line":97,"column":8},"end":{"line":97,"column":27}},"50":{"start":{"line":102,"column":47},"end":{"line":102,"column":80}},"51":{"start":{"line":103,"column":8},"end":{"line":103,"column":32}},"52":{"start":{"line":20,"column":17},"end":{"line":40,"column":null}},"53":{"start":{"line":43,"column":17},"end":{"line":61,"column":null}},"54":{"start":{"line":64,"column":17},"end":{"line":72,"column":null}},"55":{"start":{"line":75,"column":17},"end":{"line":87,"column":null}},"56":{"start":{"line":90,"column":17},"end":{"line":98,"column":null}},"57":{"start":{"line":101,"column":17},"end":{"line":104,"column":null}},"58":{"start":{"line":12,"column":13},"end":{"line":105,"column":null}},"59":{"start":{"line":12,"column":13},"end":{"line":12,"column":27}}},"fnMap":{"0":{"name":"(anonymous_4)","decl":{"start":{"line":13,"column":4},"end":{"line":13,"column":null}},"loc":{"start":{"line":16,"column":49},"end":{"line":17,"column":8}}},"1":{"name":"(anonymous_5)","decl":{"start":{"line":20,"column":11},"end":{"line":20,"column":16}},"loc":{"start":{"line":20,"column":58},"end":{"line":40,"column":5}}},"2":{"name":"(anonymous_6)","decl":{"start":{"line":43,"column":11},"end":{"line":43,"column":16}},"loc":{"start":{"line":43,"column":48},"end":{"line":61,"column":5}}},"3":{"name":"(anonymous_7)","decl":{"start":{"line":64,"column":11},"end":{"line":64,"column":16}},"loc":{"start":{"line":64,"column":39},"end":{"line":72,"column":5}}},"4":{"name":"(anonymous_8)","decl":{"start":{"line":75,"column":11},"end":{"line":75,"column":16}},"loc":{"start":{"line":75,"column":68},"end":{"line":87,"column":5}}},"5":{"name":"(anonymous_9)","decl":{"start":{"line":90,"column":11},"end":{"line":90,"column":16}},"loc":{"start":{"line":90,"column":72},"end":{"line":98,"column":5}}},"6":{"name":"(anonymous_10)","decl":{"start":{"line":101,"column":11},"end":{"line":101,"column":16}},"loc":{"start":{"line":101,"column":23},"end":{"line":104,"column":5}}}},"branchMap":{"0":{"loc":{"start":{"line":31,"column":8},"end":{"line":34,"column":null}},"type":"if","locations":[{"start":{"line":31,"column":8},"end":{"line":34,"column":null}}]},"1":{"loc":{"start":{"line":31,"column":12},"end":{"line":31,"column":58}},"type":"binary-expr","locations":[{"start":{"line":31,"column":12},"end":{"line":31,"column":31}},{"start":{"line":31,"column":35},"end":{"line":31,"column":58}}]},"2":{"loc":{"start":{"line":52,"column":8},"end":{"line":55,"column":null}},"type":"if","locations":[{"start":{"line":52,"column":8},"end":{"line":55,"column":null}}]},"3":{"loc":{"start":{"line":52,"column":12},"end":{"line":52,"column":52}},"type":"binary-expr","locations":[{"start":{"line":52,"column":12},"end":{"line":52,"column":25}},{"start":{"line":52,"column":29},"end":{"line":52,"column":52}}]},"4":{"loc":{"start":{"line":67,"column":8},"end":{"line":69,"column":null}},"type":"if","locations":[{"start":{"line":67,"column":8},"end":{"line":69,"column":null}}]},"5":{"loc":{"start":{"line":67,"column":12},"end":{"line":67,"column":43}},"type":"binary-expr","locations":[{"start":{"line":67,"column":12},"end":{"line":67,"column":24}},{"start":{"line":67,"column":28},"end":{"line":67,"column":43}}]},"6":{"loc":{"start":{"line":78,"column":8},"end":{"line":80,"column":null}},"type":"if","locations":[{"start":{"line":78,"column":8},"end":{"line":80,"column":null}}]},"7":{"loc":{"start":{"line":82,"column":8},"end":{"line":84,"column":null}},"type":"if","locations":[{"start":{"line":82,"column":8},"end":{"line":84,"column":null}}]},"8":{"loc":{"start":{"line":82,"column":12},"end":{"line":82,"column":77}},"type":"binary-expr","locations":[{"start":{"line":82,"column":12},"end":{"line":82,"column":24}},{"start":{"line":82,"column":28},"end":{"line":82,"column":44}},{"start":{"line":82,"column":48},"end":{"line":82,"column":77}}]},"9":{"loc":{"start":{"line":93,"column":8},"end":{"line":95,"column":null}},"type":"if","locations":[{"start":{"line":93,"column":8},"end":{"line":95,"column":null}}]},"10":{"loc":{"start":{"line":93,"column":12},"end":{"line":93,"column":77}},"type":"binary-expr","locations":[{"start":{"line":93,"column":12},"end":{"line":93,"column":24}},{"start":{"line":93,"column":28},"end":{"line":93,"column":44}},{"start":{"line":93,"column":48},"end":{"line":93,"column":77}}]}},"s":{"0":1,"1":1,"2":1,"3":1,"4":1,"5":1,"6":1,"7":1,"8":1,"9":0,"10":0,"11":0,"12":0,"13":0,"14":0,"15":0,"16":0,"17":0,"18":0,"19":0,"20":0,"21":0,"22":0,"23":0,"24":0,"25":0,"26":0,"27":0,"28":0,"29":0,"30":0,"31":0,"32":0,"33":0,"34":0,"35":0,"36":0,"37":0,"38":0,"39":0,"40":0,"41":0,"42":0,"43":0,"44":0,"45":0,"46":0,"47":0,"48":0,"49":0,"50":0,"51":0,"52":1,"53":1,"54":1,"55":1,"56":1,"57":1,"58":1,"59":1},"f":{"0":0,"1":0,"2":0,"3":0,"4":0,"5":0,"6":0},"b":{"0":[0],"1":[0,0],"2":[0],"3":[0,0],"4":[0],"5":[0,0],"6":[0],"7":[0],"8":[0,0,0],"9":[0],"10":[0,0,0]}}
,"/Users/bgr/Proyectos/apiV2/src/authApi/infrastructure/service/user.service.ts": {"path":"/Users/bgr/Proyectos/apiV2/src/authApi/infrastructure/service/user.service.ts","statementMap":{"0":{"start":{"line":1,"column":0},"end":{"line":1,"column":103}},"1":{"start":{"line":2,"column":0},"end":{"line":2,"column":89}},"2":{"start":{"line":3,"column":0},"end":{"line":3,"column":75}},"3":{"start":{"line":5,"column":0},"end":{"line":5,"column":65}},"4":{"start":{"line":6,"column":0},"end":{"line":6,"column":55}},"5":{"start":{"line":7,"column":0},"end":{"line":7,"column":78}},"6":{"start":{"line":8,"column":0},"end":{"line":8,"column":92}},"7":{"start":{"line":11,"column":0},"end":{"line":11,"column":75}},"8":{"start":{"line":12,"column":0},"end":{"line":12,"column":84}},"9":{"start":{"line":13,"column":0},"end":{"line":13,"column":61}},"10":{"start":{"line":14,"column":0},"end":{"line":14,"column":41}},"11":{"start":{"line":20,"column":7},"end":{"line":106,"column":null}},"12":{"start":{"line":22,"column":26},"end":{"line":22,"column":43}},"13":{"start":{"line":23,"column":26},"end":{"line":23,"column":50}},"14":{"start":{"line":24,"column":26},"end":{"line":24,"column":54}},"15":{"start":{"line":25,"column":26},"end":{"line":25,"column":51}},"16":{"start":{"line":26,"column":26},"end":{"line":26,"column":58}},"17":{"start":{"line":31,"column":8},"end":{"line":31,"column":70}},"18":{"start":{"line":32,"column":8},"end":{"line":32,"column":73}},"19":{"start":{"line":34,"column":35},"end":{"line":34,"column":110}},"20":{"start":{"line":36,"column":8},"end":{"line":36,"column":89}},"21":{"start":{"line":38,"column":43},"end":{"line":40,"column":null}},"22":{"start":{"line":43,"column":8},"end":{"line":43,"column":28}},"23":{"start":{"line":48,"column":8},"end":{"line":48,"column":45}},"24":{"start":{"line":49,"column":29},"end":{"line":49,"column":74}},"25":{"start":{"line":50,"column":8},"end":{"line":50,"column":28}},"26":{"start":{"line":55,"column":8},"end":{"line":55,"column":45}},"27":{"start":{"line":57,"column":28},"end":{"line":57,"column":70}},"28":{"start":{"line":58,"column":8},"end":{"line":58,"column":61}},"29":{"start":{"line":63,"column":33},"end":{"line":63,"column":68}},"30":{"start":{"line":64,"column":26},"end":{"line":64,"column":80}},"31":{"start":{"line":65,"column":8},"end":{"line":65,"column":25}},"32":{"start":{"line":70,"column":28},"end":{"line":70,"column":81}},"33":{"start":{"line":72,"column":8},"end":{"line":74,"column":null}},"34":{"start":{"line":73,"column":12},"end":{"line":73,"column":94}},"35":{"start":{"line":79,"column":28},"end":{"line":79,"column":70}},"36":{"start":{"line":81,"column":8},"end":{"line":83,"column":null}},"37":{"start":{"line":82,"column":12},"end":{"line":82,"column":87}},"38":{"start":{"line":88,"column":35},"end":{"line":88,"column":91}},"39":{"start":{"line":90,"column":8},"end":{"line":92,"column":null}},"40":{"start":{"line":91,"column":12},"end":{"line":91,"column":111}},"41":{"start":{"line":97,"column":47},"end":{"line":97,"column":89}},"42":{"start":{"line":98,"column":61},"end":{"line":98,"column":117}},"43":{"start":{"line":100,"column":39},"end":{"line":100,"column":116}},"44":{"start":{"line":102,"column":8},"end":{"line":104,"column":null}},"45":{"start":{"line":103,"column":12},"end":{"line":103,"column":133}},"46":{"start":{"line":30,"column":17},"end":{"line":44,"column":null}},"47":{"start":{"line":47,"column":17},"end":{"line":51,"column":null}},"48":{"start":{"line":54,"column":17},"end":{"line":59,"column":null}},"49":{"start":{"line":62,"column":17},"end":{"line":66,"column":null}},"50":{"start":{"line":69,"column":18},"end":{"line":75,"column":null}},"51":{"start":{"line":78,"column":18},"end":{"line":84,"column":null}},"52":{"start":{"line":87,"column":18},"end":{"line":93,"column":null}},"53":{"start":{"line":96,"column":18},"end":{"line":105,"column":null}},"54":{"start":{"line":20,"column":13},"end":{"line":106,"column":null}},"55":{"start":{"line":20,"column":13},"end":{"line":20,"column":24}}},"fnMap":{"0":{"name":"(anonymous_4)","decl":{"start":{"line":21,"column":4},"end":{"line":21,"column":null}},"loc":{"start":{"line":26,"column":87},"end":{"line":27,"column":8}}},"1":{"name":"(anonymous_5)","decl":{"start":{"line":30,"column":11},"end":{"line":30,"column":16}},"loc":{"start":{"line":30,"column":51},"end":{"line":44,"column":5}}},"2":{"name":"(anonymous_6)","decl":{"start":{"line":47,"column":11},"end":{"line":47,"column":16}},"loc":{"start":{"line":47,"column":68},"end":{"line":51,"column":5}}},"3":{"name":"(anonymous_7)","decl":{"start":{"line":54,"column":11},"end":{"line":54,"column":16}},"loc":{"start":{"line":54,"column":39},"end":{"line":59,"column":5}}},"4":{"name":"(anonymous_8)","decl":{"start":{"line":62,"column":11},"end":{"line":62,"column":16}},"loc":{"start":{"line":62,"column":28},"end":{"line":66,"column":5}}},"5":{"name":"(anonymous_9)","decl":{"start":{"line":69,"column":12},"end":{"line":69,"column":17}},"loc":{"start":{"line":69,"column":67},"end":{"line":75,"column":5}}},"6":{"name":"(anonymous_10)","decl":{"start":{"line":78,"column":12},"end":{"line":78,"column":17}},"loc":{"start":{"line":78,"column":50},"end":{"line":84,"column":5}}},"7":{"name":"(anonymous_11)","decl":{"start":{"line":87,"column":12},"end":{"line":87,"column":17}},"loc":{"start":{"line":87,"column":64},"end":{"line":93,"column":5}}},"8":{"name":"(anonymous_12)","decl":{"start":{"line":96,"column":12},"end":{"line":96,"column":17}},"loc":{"start":{"line":96,"column":76},"end":{"line":105,"column":5}}}},"branchMap":{"0":{"loc":{"start":{"line":72,"column":8},"end":{"line":74,"column":null}},"type":"if","locations":[{"start":{"line":72,"column":8},"end":{"line":74,"column":null}}]},"1":{"loc":{"start":{"line":81,"column":8},"end":{"line":83,"column":null}},"type":"if","locations":[{"start":{"line":81,"column":8},"end":{"line":83,"column":null}}]},"2":{"loc":{"start":{"line":90,"column":8},"end":{"line":92,"column":null}},"type":"if","locations":[{"start":{"line":90,"column":8},"end":{"line":92,"column":null}}]},"3":{"loc":{"start":{"line":102,"column":8},"end":{"line":104,"column":null}},"type":"if","locations":[{"start":{"line":102,"column":8},"end":{"line":104,"column":null}}]},"4":{"loc":{"start":{"line":102,"column":12},"end":{"line":102,"column":66}},"type":"binary-expr","locations":[{"start":{"line":102,"column":12},"end":{"line":102,"column":35}},{"start":{"line":102,"column":39},"end":{"line":102,"column":66}}]}},"s":{"0":1,"1":1,"2":1,"3":1,"4":1,"5":1,"6":1,"7":1,"8":1,"9":1,"10":1,"11":1,"12":1,"13":1,"14":1,"15":1,"16":1,"17":0,"18":0,"19":0,"20":0,"21":0,"22":0,"23":0,"24":0,"25":0,"26":0,"27":0,"28":0,"29":1,"30":1,"31":1,"32":0,"33":0,"34":0,"35":0,"36":0,"37":0,"38":0,"39":0,"40":0,"41":0,"42":0,"43":0,"44":0,"45":0,"46":1,"47":1,"48":1,"49":1,"50":1,"51":1,"52":1,"53":1,"54":1,"55":1},"f":{"0":1,"1":0,"2":0,"3":0,"4":1,"5":0,"6":0,"7":0,"8":0},"b":{"0":[0],"1":[0],"2":[0],"3":[0],"4":[0,0]}}
,"/Users/bgr/Proyectos/apiV2/src/shared/constant/http.constant.ts": {"path":"/Users/bgr/Proyectos/apiV2/src/shared/constant/http.constant.ts","statementMap":{"0":{"start":{"line":1,"column":0},"end":{"line":1,"column":60}},"1":{"start":{"line":2,"column":0},"end":{"line":2,"column":88}},"2":{"start":{"line":4,"column":13},"end":{"line":16,"column":2}},"3":{"start":{"line":18,"column":13},"end":{"line":30,"column":2}},"4":{"start":{"line":32,"column":13},"end":{"line":43,"column":2}}},"fnMap":{},"branchMap":{},"s":{"0":1,"1":1,"2":1,"3":1,"4":1},"f":{},"b":{}}
,"/Users/bgr/Proyectos/apiV2/src/shared/constant/regex.constant.ts": {"path":"/Users/bgr/Proyectos/apiV2/src/shared/constant/regex.constant.ts","statementMap":{"0":{"start":{"line":1,"column":13},"end":{"line":3,"column":2}}},"fnMap":{},"branchMap":{},"s":{"0":1},"f":{},"b":{}}
,"/Users/bgr/Proyectos/apiV2/src/shared/constant/translate.constant.ts": {"path":"/Users/bgr/Proyectos/apiV2/src/shared/constant/translate.constant.ts","statementMap":{"0":{"start":{"line":1,"column":13},"end":{"line":1,"column":45}},"1":{"start":{"line":3,"column":13},"end":{"line":17,"column":2}}},"fnMap":{},"branchMap":{},"s":{"0":1,"1":1},"f":{},"b":{}}
,"/Users/bgr/Proyectos/apiV2/src/shared/constant/error-message/error-message-api.constant.ts": {"path":"/Users/bgr/Proyectos/apiV2/src/shared/constant/error-message/error-message-api.constant.ts","statementMap":{"0":{"start":{"line":1,"column":0},"end":{"line":1,"column":60}},"1":{"start":{"line":3,"column":13},"end":{"line":20,"column":2}},"2":{"start":{"line":5,"column":8},"end":{"line":5,"column":92}},"3":{"start":{"line":8,"column":8},"end":{"line":8,"column":131}},"4":{"start":{"line":11,"column":8},"end":{"line":11,"column":125}},"5":{"start":{"line":14,"column":8},"end":{"line":18,"column":11}}},"fnMap":{"0":{"name":"(anonymous_1)","decl":{"start":{"line":4,"column":35},"end":{"line":4,"column":46}},"loc":{"start":{"line":4,"column":48},"end":{"line":6,"column":5}}},"1":{"name":"(anonymous_2)","decl":{"start":{"line":7,"column":34},"end":{"line":7,"column":35}},"loc":{"start":{"line":7,"column":78},"end":{"line":9,"column":5}}},"2":{"name":"(anonymous_3)","decl":{"start":{"line":10,"column":35},"end":{"line":10,"column":36}},"loc":{"start":{"line":10,"column":68},"end":{"line":12,"column":5}}},"3":{"name":"(anonymous_4)","decl":{"start":{"line":13,"column":32},"end":{"line":13,"column":33}},"loc":{"start":{"line":13,"column":103},"end":{"line":19,"column":5}}}},"branchMap":{},"s":{"0":1,"1":1,"2":0,"3":0,"4":0,"5":0},"f":{"0":0,"1":0,"2":0,"3":0},"b":{}}
,"/Users/bgr/Proyectos/apiV2/src/shared/constant/error-message/error-message-application.constant.ts": {"path":"/Users/bgr/Proyectos/apiV2/src/shared/constant/error-message/error-message-application.constant.ts","statementMap":{"0":{"start":{"line":1,"column":0},"end":{"line":1,"column":60}},"1":{"start":{"line":3,"column":13},"end":{"line":20,"column":2}},"2":{"start":{"line":5,"column":8},"end":{"line":7,"column":11}},"3":{"start":{"line":10,"column":8},"end":{"line":12,"column":11}},"4":{"start":{"line":15,"column":8},"end":{"line":18,"column":11}}},"fnMap":{"0":{"name":"(anonymous_1)","decl":{"start":{"line":4,"column":38},"end":{"line":4,"column":39}},"loc":{"start":{"line":4,"column":72},"end":{"line":8,"column":5}}},"1":{"name":"(anonymous_2)","decl":{"start":{"line":9,"column":35},"end":{"line":9,"column":36}},"loc":{"start":{"line":9,"column":69},"end":{"line":13,"column":5}}},"2":{"name":"(anonymous_3)","decl":{"start":{"line":14,"column":46},"end":{"line":14,"column":47}},"loc":{"start":{"line":14,"column":98},"end":{"line":19,"column":5}}}},"branchMap":{},"s":{"0":1,"1":1,"2":0,"3":0,"4":0},"f":{"0":0,"1":0,"2":0},"b":{}}
,"/Users/bgr/Proyectos/apiV2/src/shared/constant/error-message/error-message-password.ts": {"path":"/Users/bgr/Proyectos/apiV2/src/shared/constant/error-message/error-message-password.ts","statementMap":{"0":{"start":{"line":1,"column":0},"end":{"line":1,"column":60}},"1":{"start":{"line":3,"column":13},"end":{"line":6,"column":2}}},"fnMap":{},"branchMap":{},"s":{"0":1,"1":1},"f":{},"b":{}}
,"/Users/bgr/Proyectos/apiV2/src/shared/constant/error-message/error-message-user.constant.ts": {"path":"/Users/bgr/Proyectos/apiV2/src/shared/constant/error-message/error-message-user.constant.ts","statementMap":{"0":{"start":{"line":1,"column":0},"end":{"line":1,"column":60}},"1":{"start":{"line":3,"column":13},"end":{"line":17,"column":2}},"2":{"start":{"line":6,"column":8},"end":{"line":6,"column":140}},"3":{"start":{"line":9,"column":8},"end":{"line":9,"column":124}},"4":{"start":{"line":12,"column":8},"end":{"line":12,"column":121}},"5":{"start":{"line":15,"column":8},"end":{"line":15,"column":114}}},"fnMap":{"0":{"name":"(anonymous_1)","decl":{"start":{"line":5,"column":42},"end":{"line":5,"column":43}},"loc":{"start":{"line":5,"column":71},"end":{"line":7,"column":5}}},"1":{"name":"(anonymous_2)","decl":{"start":{"line":8,"column":28},"end":{"line":8,"column":29}},"loc":{"start":{"line":8,"column":55},"end":{"line":10,"column":5}}},"2":{"name":"(anonymous_3)","decl":{"start":{"line":11,"column":34},"end":{"line":11,"column":35}},"loc":{"start":{"line":11,"column":63},"end":{"line":13,"column":5}}},"3":{"name":"(anonymous_4)","decl":{"start":{"line":14,"column":27},"end":{"line":14,"column":28}},"loc":{"start":{"line":14,"column":56},"end":{"line":16,"column":5}}}},"branchMap":{},"s":{"0":1,"1":1,"2":0,"3":0,"4":0,"5":0},"f":{"0":0,"1":0,"2":0,"3":0},"b":{}}
,"/Users/bgr/Proyectos/apiV2/src/shared/entity/base.entity.ts": {"path":"/Users/bgr/Proyectos/apiV2/src/shared/entity/base.entity.ts","statementMap":{"0":{"start":{"line":1,"column":0},"end":{"line":1,"column":41}},"1":{"start":{"line":4,"column":7},"end":{"line":10,"column":null}},"2":{"start":{"line":5,"column":4},"end":{"line":6,"column":null}},"3":{"start":{"line":5,"column":68},"end":{"line":5,"column":87}},"4":{"start":{"line":8,"column":4},"end":{"line":9,"column":null}},"5":{"start":{"line":8,"column":68},"end":{"line":8,"column":87}},"6":{"start":{"line":4,"column":13},"end":{"line":10,"column":null}},"7":{"start":{"line":4,"column":13},"end":{"line":4,"column":23}}},"fnMap":{"0":{"name":"(anonymous_2)","decl":{"start":{"line":5,"column":62},"end":{"line":5,"column":65}},"loc":{"start":{"line":5,"column":68},"end":{"line":5,"column":87}}},"1":{"name":"(anonymous_3)","decl":{"start":{"line":8,"column":62},"end":{"line":8,"column":65}},"loc":{"start":{"line":8,"column":68},"end":{"line":8,"column":87}}}},"branchMap":{},"s":{"0":1,"1":1,"2":1,"3":0,"4":1,"5":0,"6":1,"7":1},"f":{"0":0,"1":0},"b":{}}
,"/Users/bgr/Proyectos/apiV2/src/shared/enum/http-response-message.enum.ts": {"path":"/Users/bgr/Proyectos/apiV2/src/shared/enum/http-response-message.enum.ts","statementMap":{"0":{"start":{"line":1,"column":0},"end":{"line":1,"column":null}},"1":{"start":{"line":2,"column":4},"end":{"line":2,"column":null}},"2":{"start":{"line":3,"column":4},"end":{"line":3,"column":null}},"3":{"start":{"line":4,"column":4},"end":{"line":4,"column":null}},"4":{"start":{"line":5,"column":4},"end":{"line":5,"column":null}},"5":{"start":{"line":6,"column":4},"end":{"line":6,"column":null}}},"fnMap":{"0":{"name":"(anonymous_0)","decl":{"start":{"line":1,"column":0},"end":{"line":1,"column":12}},"loc":{"start":{"line":1,"column":36},"end":{"line":7,"column":1}}}},"branchMap":{"0":{"loc":{"start":{"line":1,"column":12},"end":{"line":1,"column":null}},"type":"binary-expr","locations":[{"start":{"line":1,"column":12},"end":{"line":1,"column":36}},{"start":{"line":1,"column":12},"end":{"line":1,"column":null}}]}},"s":{"0":1,"1":1,"2":1,"3":1,"4":1,"5":1},"f":{"0":1},"b":{"0":[1,1]}}
,"/Users/bgr/Proyectos/apiV2/src/shared/error/already-exists.error.ts": {"path":"/Users/bgr/Proyectos/apiV2/src/shared/error/already-exists.error.ts","statementMap":{"0":{"start":{"line":1,"column":0},"end":{"line":1,"column":63}},"1":{"start":{"line":3,"column":0},"end":{"line":3,"column":39}},"2":{"start":{"line":7,"column":8},"end":{"line":7,"column":60}},"3":{"start":{"line":5,"column":0},"end":{"line":5,"column":13}}},"fnMap":{"0":{"name":"(anonymous_0)","decl":{"start":{"line":6,"column":4},"end":{"line":6,"column":16}},"loc":{"start":{"line":6,"column":31},"end":{"line":8,"column":5}}}},"branchMap":{},"s":{"0":1,"1":1,"2":0,"3":1},"f":{"0":0},"b":{}}
,"/Users/bgr/Proyectos/apiV2/src/shared/error/app.error.ts": {"path":"/Users/bgr/Proyectos/apiV2/src/shared/error/app.error.ts","statementMap":{"0":{"start":{"line":1,"column":0},"end":{"line":1,"column":60}},"1":{"start":{"line":7,"column":37},"end":{"line":7,"column":48}},"2":{"start":{"line":9,"column":8},"end":{"line":11,"column":null}},"3":{"start":{"line":10,"column":12},"end":{"line":10,"column":55}},"4":{"start":{"line":13,"column":8},"end":{"line":13,"column":28}},"5":{"start":{"line":14,"column":8},"end":{"line":14,"column":58}},"6":{"start":{"line":15,"column":8},"end":{"line":15,"column":35}},"7":{"start":{"line":16,"column":8},"end":{"line":16,"column":38}},"8":{"start":{"line":3,"column":0},"end":{"line":3,"column":13}}},"fnMap":{"0":{"name":"(anonymous_1)","decl":{"start":{"line":6,"column":4},"end":{"line":6,"column":16}},"loc":{"start":{"line":6,"column":58},"end":{"line":17,"column":5}}}},"branchMap":{"0":{"loc":{"start":{"line":9,"column":8},"end":{"line":11,"column":null}},"type":"if","locations":[{"start":{"line":9,"column":8},"end":{"line":11,"column":null}}]}},"s":{"0":1,"1":0,"2":0,"3":0,"4":0,"5":0,"6":0,"7":0,"8":1},"f":{"0":0},"b":{"0":[0]}}
,"/Users/bgr/Proyectos/apiV2/src/shared/error/not-found.error.ts": {"path":"/Users/bgr/Proyectos/apiV2/src/shared/error/not-found.error.ts","statementMap":{"0":{"start":{"line":1,"column":0},"end":{"line":1,"column":63}},"1":{"start":{"line":3,"column":0},"end":{"line":3,"column":39}},"2":{"start":{"line":7,"column":8},"end":{"line":7,"column":55}},"3":{"start":{"line":5,"column":0},"end":{"line":5,"column":13}}},"fnMap":{"0":{"name":"(anonymous_0)","decl":{"start":{"line":6,"column":4},"end":{"line":6,"column":16}},"loc":{"start":{"line":6,"column":32},"end":{"line":8,"column":5}}}},"branchMap":{},"s":{"0":1,"1":1,"2":0,"3":1},"f":{"0":0},"b":{}}
,"/Users/bgr/Proyectos/apiV2/src/shared/service/logger.service.ts": {"path":"/Users/bgr/Proyectos/apiV2/src/shared/service/logger.service.ts","statementMap":{"0":{"start":{"line":1,"column":0},"end":{"line":1,"column":37}},"1":{"start":{"line":3,"column":0},"end":{"line":3,"column":33}},"2":{"start":{"line":6,"column":7},"end":{"line":22,"column":null}},"3":{"start":{"line":8,"column":8},"end":{"line":8,"column":39}},"4":{"start":{"line":11,"column":8},"end":{"line":11,"column":40}},"5":{"start":{"line":14,"column":8},"end":{"line":14,"column":39}},"6":{"start":{"line":17,"column":8},"end":{"line":17,"column":40}},"7":{"start":{"line":20,"column":8},"end":{"line":20,"column":104}},"8":{"start":{"line":6,"column":13},"end":{"line":22,"column":null}},"9":{"start":{"line":6,"column":13},"end":{"line":6,"column":26}}},"fnMap":{"0":{"name":"(anonymous_2)","decl":{"start":{"line":7,"column":4},"end":{"line":7,"column":10}},"loc":{"start":{"line":7,"column":52},"end":{"line":9,"column":5}}},"1":{"name":"(anonymous_3)","decl":{"start":{"line":10,"column":4},"end":{"line":10,"column":10}},"loc":{"start":{"line":10,"column":53},"end":{"line":12,"column":5}}},"2":{"name":"(anonymous_4)","decl":{"start":{"line":13,"column":4},"end":{"line":13,"column":10}},"loc":{"start":{"line":13,"column":52},"end":{"line":15,"column":5}}},"3":{"name":"(anonymous_5)","decl":{"start":{"line":16,"column":4},"end":{"line":16,"column":10}},"loc":{"start":{"line":16,"column":53},"end":{"line":18,"column":5}}},"4":{"name":"(anonymous_6)","decl":{"start":{"line":19,"column":4},"end":{"line":19,"column":10}},"loc":{"start":{"line":19,"column":37},"end":{"line":21,"column":5}}}},"branchMap":{},"s":{"0":1,"1":1,"2":1,"3":2,"4":0,"5":0,"6":0,"7":0,"8":1,"9":1},"f":{"0":2,"1":0,"2":0,"3":0,"4":0},"b":{}}
,"/Users/bgr/Proyectos/apiV2/src/shared/service/password.service.ts": {"path":"/Users/bgr/Proyectos/apiV2/src/shared/service/password.service.ts","statementMap":{"0":{"start":{"line":1,"column":0},"end":{"line":1,"column":88}},"1":{"start":{"line":2,"column":0},"end":{"line":2,"column":33}},"2":{"start":{"line":3,"column":0},"end":{"line":3,"column":33}},"3":{"start":{"line":4,"column":0},"end":{"line":4,"column":76}},"4":{"start":{"line":7,"column":7},"end":{"line":29,"column":null}},"5":{"start":{"line":8,"column":12},"end":{"line":8,"column":28}},"6":{"start":{"line":12,"column":8},"end":{"line":17,"column":null}},"7":{"start":{"line":13,"column":25},"end":{"line":13,"column":69}},"8":{"start":{"line":14,"column":12},"end":{"line":14,"column":24}},"9":{"start":{"line":16,"column":12},"end":{"line":16,"column":79}},"10":{"start":{"line":22,"column":8},"end":{"line":27,"column":null}},"11":{"start":{"line":23,"column":27},"end":{"line":23,"column":63}},"12":{"start":{"line":24,"column":12},"end":{"line":24,"column":26}},"13":{"start":{"line":26,"column":12},"end":{"line":26,"column":78}},"14":{"start":{"line":11,"column":10},"end":{"line":18,"column":null}},"15":{"start":{"line":21,"column":10},"end":{"line":28,"column":null}},"16":{"start":{"line":7,"column":13},"end":{"line":29,"column":null}},"17":{"start":{"line":7,"column":13},"end":{"line":7,"column":28}}},"fnMap":{"0":{"name":"(anonymous_8)","decl":{"start":{"line":7,"column":7},"end":{"line":7,"column":13}},"loc":{"start":{"line":7,"column":7},"end":{"line":29,"column":1}}},"1":{"name":"(anonymous_9)","decl":{"start":{"line":11,"column":4},"end":{"line":11,"column":9}},"loc":{"start":{"line":11,"column":39},"end":{"line":18,"column":5}}},"2":{"name":"(anonymous_10)","decl":{"start":{"line":21,"column":4},"end":{"line":21,"column":9}},"loc":{"start":{"line":21,"column":55},"end":{"line":28,"column":5}}}},"branchMap":{},"s":{"0":1,"1":1,"2":1,"3":1,"4":1,"5":0,"6":0,"7":0,"8":0,"9":0,"10":0,"11":0,"12":0,"13":0,"14":1,"15":1,"16":1,"17":1},"f":{"0":0,"1":0,"2":0},"b":{}}
,"/Users/bgr/Proyectos/apiV2/src/shared/service/translate.service.ts": {"path":"/Users/bgr/Proyectos/apiV2/src/shared/service/translate.service.ts","statementMap":{"0":{"start":{"line":1,"column":0},"end":{"line":1,"column":43}},"1":{"start":{"line":2,"column":0},"end":{"line":2,"column":87}},"2":{"start":{"line":3,"column":0},"end":{"line":3,"column":49}},"3":{"start":{"line":4,"column":0},"end":{"line":4,"column":72}},"4":{"start":{"line":6,"column":0},"end":{"line":6,"column":33}},"5":{"start":{"line":13,"column":8},"end":{"line":13,"column":38}},"6":{"start":{"line":14,"column":8},"end":{"line":14,"column":53}},"7":{"start":{"line":18,"column":8},"end":{"line":18,"column":33}},"8":{"start":{"line":23,"column":8},"end":{"line":23,"column":80}},"9":{"start":{"line":25,"column":37},"end":{"line":25,"column":101}},"10":{"start":{"line":26,"column":8},"end":{"line":26,"column":41}},"11":{"start":{"line":31,"column":24},"end":{"line":33,"column":10}},"12":{"start":{"line":32,"column":12},"end":{"line":32,"column":71}},"13":{"start":{"line":34,"column":23},"end":{"line":34,"column":50}},"14":{"start":{"line":35,"column":8},"end":{"line":35,"column":22}},"15":{"start":{"line":39,"column":22},"end":{"line":39,"column":78}},"16":{"start":{"line":40,"column":8},"end":{"line":42,"column":null}},"17":{"start":{"line":41,"column":12},"end":{"line":41,"column":121}},"18":{"start":{"line":46,"column":8},"end":{"line":46,"column":34}},"19":{"start":{"line":50,"column":8},"end":{"line":52,"column":null}},"20":{"start":{"line":51,"column":12},"end":{"line":51,"column":40}},"21":{"start":{"line":54,"column":8},"end":{"line":54,"column":36}},"22":{"start":{"line":10,"column":19},"end":{"line":10,"column":68}},"23":{"start":{"line":9,"column":13},"end":{"line":56,"column":null}},"24":{"start":{"line":9,"column":13},"end":{"line":9,"column":31}},"25":{"start":{"line":58,"column":0},"end":{"line":58,"column":34}}},"fnMap":{"0":{"name":"(anonymous_2)","decl":{"start":{"line":12,"column":4},"end":{"line":12,"column":10}},"loc":{"start":{"line":12,"column":35},"end":{"line":15,"column":5}}},"1":{"name":"(anonymous_3)","decl":{"start":{"line":17,"column":4},"end":{"line":17,"column":10}},"loc":{"start":{"line":17,"column":56},"end":{"line":19,"column":5}}},"2":{"name":"(anonymous_4)","decl":{"start":{"line":22,"column":4},"end":{"line":22,"column":10}},"loc":{"start":{"line":22,"column":71},"end":{"line":27,"column":5}}},"3":{"name":"(anonymous_5)","decl":{"start":{"line":30,"column":12},"end":{"line":30,"column":18}},"loc":{"start":{"line":30,"column":73},"end":{"line":36,"column":5}}},"4":{"name":"(anonymous_6)","decl":{"start":{"line":31,"column":42},"end":{"line":31,"column":43}},"loc":{"start":{"line":31,"column":75},"end":{"line":33,"column":9}}},"5":{"name":"(anonymous_7)","decl":{"start":{"line":38,"column":12},"end":{"line":38,"column":18}},"loc":{"start":{"line":38,"column":88},"end":{"line":43,"column":5}}},"6":{"name":"(anonymous_8)","decl":{"start":{"line":45,"column":12},"end":{"line":45,"column":18}},"loc":{"start":{"line":45,"column":35},"end":{"line":47,"column":5}}},"7":{"name":"(anonymous_9)","decl":{"start":{"line":49,"column":12},"end":{"line":49,"column":18}},"loc":{"start":{"line":49,"column":50},"end":{"line":55,"column":5}}}},"branchMap":{"0":{"loc":{"start":{"line":40,"column":8},"end":{"line":42,"column":null}},"type":"if","locations":[{"start":{"line":40,"column":8},"end":{"line":42,"column":null}}]},"1":{"loc":{"start":{"line":40,"column":12},"end":{"line":40,"column":59}},"type":"binary-expr","locations":[{"start":{"line":40,"column":12},"end":{"line":40,"column":18}},{"start":{"line":40,"column":22},"end":{"line":40,"column":59}}]},"2":{"loc":{"start":{"line":41,"column":78},"end":{"line":41,"column":96}},"type":"binary-expr","locations":[{"start":{"line":41,"column":78},"end":{"line":41,"column":91}},{"start":{"line":41,"column":95},"end":{"line":41,"column":96}}]},"3":{"loc":{"start":{"line":50,"column":8},"end":{"line":52,"column":null}},"type":"if","locations":[{"start":{"line":50,"column":8},"end":{"line":52,"column":null}}]}},"s":{"0":1,"1":1,"2":1,"3":1,"4":1,"5":0,"6":0,"7":14,"8":0,"9":0,"10":0,"11":0,"12":0,"13":0,"14":0,"15":0,"16":0,"17":0,"18":0,"19":0,"20":0,"21":0,"22":1,"23":1,"24":1,"25":1},"f":{"0":0,"1":14,"2":0,"3":0,"4":0,"5":0,"6":0,"7":0},"b":{"0":[0],"1":[0,0],"2":[0,0],"3":[0]}}
,"/Users/bgr/Proyectos/apiV2/src/shared/service/decorator/logger-method.decorator.ts": {"path":"/Users/bgr/Proyectos/apiV2/src/shared/service/decorator/logger-method.decorator.ts","statementMap":{"0":{"start":{"line":2,"column":0},"end":{"line":2,"column":50}},"1":{"start":{"line":9,"column":27},"end":{"line":9,"column":43}},"2":{"start":{"line":10,"column":22},"end":{"line":10,"column":45}},"3":{"start":{"line":12,"column":4},"end":{"line":23,"column":6}},"4":{"start":{"line":13,"column":20},"end":{"line":13,"column":27}},"5":{"start":{"line":14,"column":19},"end":{"line":14,"column":26}},"6":{"start":{"line":15,"column":8},"end":{"line":15,"column":92}},"7":{"start":{"line":16,"column":8},"end":{"line":22,"column":null}},"8":{"start":{"line":17,"column":27},"end":{"line":17,"column":59}},"9":{"start":{"line":18,"column":12},"end":{"line":18,"column":94}},"10":{"start":{"line":19,"column":12},"end":{"line":19,"column":26}},"11":{"start":{"line":21,"column":12},"end":{"line":21,"column":111}},"12":{"start":{"line":24,"column":4},"end":{"line":24,"column":22}},"13":{"start":{"line":4,"column":0},"end":{"line":4,"column":16}}},"fnMap":{"0":{"name":"LoggerMethodDecorator","decl":{"start":{"line":4,"column":16},"end":{"line":4,"column":37}},"loc":{"start":{"line":7,"column":44},"end":{"line":25,"column":1}}},"1":{"name":"(anonymous_1)","decl":{"start":{"line":12,"column":23},"end":{"line":12,"column":33}},"loc":{"start":{"line":12,"column":47},"end":{"line":23,"column":5}}}},"branchMap":{},"s":{"0":1,"1":18,"2":18,"3":18,"4":1,"5":1,"6":1,"7":1,"8":1,"9":1,"10":1,"11":0,"12":18,"13":1},"f":{"0":18,"1":1},"b":{}}
}
