TN:
SF:src/authApi/domain/repository/user.repository.ts
FN:13,(anonymous_4)
FN:20,(anonymous_5)
FN:44,(anonymous_6)
FN:66,(anonymous_7)
FN:77,(anonymous_8)
FN:92,(anonymous_9)
FN:103,(anonymous_10)
FNF:7
FNH:0
FNDA:0,(anonymous_4)
FNDA:0,(anonymous_5)
FNDA:0,(anonymous_6)
FNDA:0,(anonymous_7)
FNDA:0,(anonymous_8)
FNDA:0,(anonymous_9)
FNDA:0,(anonymous_10)
DA:1,3
DA:2,3
DA:3,3
DA:4,3
DA:5,3
DA:6,3
DA:7,3
DA:8,3
DA:12,3
DA:14,0
DA:15,0
DA:16,0
DA:20,3
DA:21,0
DA:22,0
DA:23,0
DA:25,0
DA:26,0
DA:27,0
DA:29,0
DA:31,0
DA:32,0
DA:33,0
DA:36,0
DA:37,0
DA:39,0
DA:40,0
DA:44,3
DA:45,0
DA:47,0
DA:48,0
DA:49,0
DA:51,0
DA:53,0
DA:54,0
DA:55,0
DA:58,0
DA:59,0
DA:61,0
DA:62,0
DA:66,3
DA:67,0
DA:69,0
DA:70,0
DA:73,0
DA:77,3
DA:78,0
DA:80,0
DA:81,0
DA:84,0
DA:85,0
DA:88,0
DA:92,3
DA:93,0
DA:95,0
DA:96,0
DA:99,0
DA:103,3
DA:104,0
DA:105,0
LF:60
LH:15
BRDA:31,0,0,0
BRDA:31,1,0,0
BRDA:31,1,1,0
BRDA:53,2,0,0
BRDA:53,3,0,0
BRDA:53,3,1,0
BRDA:69,4,0,0
BRDA:69,5,0,0
BRDA:69,5,1,0
BRDA:80,6,0,0
BRDA:84,7,0,0
BRDA:84,8,0,0
BRDA:84,8,1,0
BRDA:84,8,2,0
BRDA:95,9,0,0
BRDA:95,10,0,0
BRDA:95,10,1,0
BRDA:95,10,2,0
BRF:18
BRH:0
end_of_record
TN:
SF:src/authApi/infrastructure/service/auth.service.ts
FN:16,(anonymous_4)
FN:24,(anonymous_5)
FN:31,(anonymous_6)
FNF:3
FNH:3
FNDA:6,(anonymous_4)
FNDA:2,(anonymous_5)
FNDA:4,(anonymous_6)
DA:1,1
DA:2,1
DA:4,1
DA:7,1
DA:8,1
DA:9,1
DA:10,1
DA:11,1
DA:12,1
DA:15,1
DA:17,6
DA:18,6
DA:19,6
DA:20,6
DA:24,1
DA:25,2
DA:26,2
DA:27,2
DA:31,1
DA:32,4
DA:34,4
DA:35,2
DA:38,2
DA:40,2
DA:41,1
DA:44,1
DA:46,1
LF:27
LH:27
BRDA:34,0,0,2
BRDA:34,1,0,4
BRDA:34,1,1,3
BRDA:40,2,0,1
BRF:4
BRH:4
end_of_record
TN:
SF:src/authApi/infrastructure/service/user.service.ts
FN:23,(anonymous_4)
FN:33,(anonymous_5)
FN:50,(anonymous_6)
FN:58,(anonymous_7)
FN:67,(anonymous_8)
FN:74,(anonymous_9)
FN:83,(anonymous_10)
FN:92,(anonymous_11)
FN:101,(anonymous_12)
FNF:9
FNH:9
FNDA:9,(anonymous_4)
FNDA:3,(anonymous_5)
FNDA:2,(anonymous_6)
FNDA:2,(anonymous_7)
FNDA:2,(anonymous_8)
FNDA:2,(anonymous_9)
FNDA:4,(anonymous_10)
FNDA:3,(anonymous_11)
FNDA:1,(anonymous_12)
DA:1,3
DA:2,3
DA:3,3
DA:6,3
DA:7,3
DA:8,3
DA:9,3
DA:12,3
DA:13,3
DA:14,3
DA:15,3
DA:16,3
DA:22,3
DA:24,9
DA:25,9
DA:26,9
DA:27,9
DA:28,9
DA:29,9
DA:33,3
DA:34,3
DA:35,2
DA:37,1
DA:39,1
DA:41,1
DA:46,1
DA:50,3
DA:51,2
DA:52,2
DA:53,1
DA:54,1
DA:58,3
DA:59,2
DA:61,1
DA:62,1
DA:63,1
DA:67,3
DA:68,2
DA:69,2
DA:70,2
DA:74,3
DA:75,2
DA:77,2
DA:78,1
DA:83,3
DA:84,4
DA:86,4
DA:87,2
DA:92,3
DA:93,3
DA:95,3
DA:96,1
DA:101,3
DA:102,1
DA:103,1
DA:105,1
DA:107,1
DA:108,0
LF:58
LH:57
BRDA:77,0,0,1
BRDA:86,1,0,2
BRDA:95,2,0,1
BRDA:107,3,0,0
BRDA:107,4,0,1
BRDA:107,4,1,1
BRF:6
BRH:5
end_of_record
TN:
SF:src/linkApi/domain/repository/link.repository.ts
FN:21,(anonymous_4)
FN:30,(anonymous_5)
FN:57,(anonymous_6)
FN:79,(anonymous_7)
FN:91,(anonymous_8)
FN:103,(anonymous_9)
FN:127,(anonymous_10)
FNF:7
FNH:0
FNDA:0,(anonymous_4)
FNDA:0,(anonymous_5)
FNDA:0,(anonymous_6)
FNDA:0,(anonymous_7)
FNDA:0,(anonymous_8)
FNDA:0,(anonymous_9)
FNDA:0,(anonymous_10)
DA:1,1
DA:2,1
DA:3,1
DA:4,1
DA:5,1
DA:7,1
DA:13,1
DA:14,1
DA:15,1
DA:16,1
DA:17,1
DA:20,1
DA:23,0
DA:24,0
DA:25,0
DA:26,0
DA:30,1
DA:31,0
DA:32,0
DA:33,0
DA:34,0
DA:35,0
DA:36,0
DA:38,0
DA:39,0
DA:40,0
DA:42,0
DA:44,0
DA:45,0
DA:46,0
DA:49,0
DA:50,0
DA:52,0
DA:53,0
DA:57,1
DA:58,0
DA:60,0
DA:61,0
DA:62,0
DA:64,0
DA:66,0
DA:67,0
DA:68,0
DA:71,0
DA:72,0
DA:74,0
DA:75,0
DA:79,1
DA:80,0
DA:81,0
DA:83,0
DA:84,0
DA:87,0
DA:91,1
DA:92,0
DA:93,0
DA:95,0
DA:96,0
DA:99,0
DA:103,1
DA:104,0
DA:105,0
DA:107,0
DA:114,0
DA:116,0
DA:122,0
DA:123,0
DA:127,1
DA:128,0
DA:130,0
DA:131,0
DA:134,0
DA:135,0
DA:136,0
DA:138,0
DA:140,0
DA:141,0
DA:142,0
DA:145,0
DA:146,0
DA:148,0
LF:81
LH:18
BRDA:44,0,0,0
BRDA:44,1,0,0
BRDA:44,1,1,0
BRDA:66,2,0,0
BRDA:66,3,0,0
BRDA:66,3,1,0
BRDA:83,4,0,0
BRDA:83,5,0,0
BRDA:83,5,1,0
BRDA:95,6,0,0
BRDA:95,7,0,0
BRDA:95,7,1,0
BRDA:109,8,0,0
BRDA:109,8,1,0
BRDA:110,9,0,0
BRDA:110,9,1,0
BRDA:111,10,0,0
BRDA:111,10,1,0
BRDA:130,11,0,0
BRDA:130,12,0,0
BRDA:130,12,1,0
BRDA:140,13,0,0
BRDA:140,14,0,0
BRDA:140,14,1,0
BRDA:142,15,0,0
BRDA:142,15,1,0
BRF:26
BRH:0
end_of_record
TN:
SF:src/linkApi/infrastructure/service/link.service.ts
FN:16,(anonymous_4)
FN:24,(anonymous_5)
FN:43,(anonymous_6)
FN:53,(anonymous_7)
FN:62,(anonymous_8)
FN:64,(anonymous_9)
FN:72,(anonymous_10)
FN:75,(anonymous_11)
FN:85,(anonymous_12)
FN:100,(anonymous_13)
FN:115,(anonymous_14)
FN:123,(anonymous_15)
FN:130,(anonymous_16)
FN:138,(anonymous_17)
FN:149,(anonymous_18)
FN:155,(anonymous_19)
FNF:16
FNH:16
FNDA:30,(anonymous_4)
FNDA:3,(anonymous_5)
FNDA:5,(anonymous_6)
FNDA:1,(anonymous_7)
FNDA:2,(anonymous_8)
FNDA:1,(anonymous_9)
FNDA:5,(anonymous_10)
FNDA:1,(anonymous_11)
FNDA:4,(anonymous_12)
FNDA:4,(anonymous_13)
FNDA:6,(anonymous_14)
FNDA:4,(anonymous_15)
FNDA:8,(anonymous_16)
FNDA:11,(anonymous_17)
FNDA:8,(anonymous_18)
FNDA:13,(anonymous_19)
DA:1,1
DA:3,1
DA:4,1
DA:8,1
DA:9,1
DA:10,1
DA:11,1
DA:12,1
DA:15,1
DA:17,30
DA:18,30
DA:19,30
DA:20,30
DA:24,1
DA:25,3
DA:27,1
DA:28,1
DA:36,1
DA:38,1
DA:39,1
DA:43,1
DA:44,5
DA:46,1
DA:48,1
DA:49,1
DA:53,1
DA:54,1
DA:56,1
DA:57,1
DA:58,1
DA:62,1
DA:63,2
DA:64,2
DA:65,1
DA:66,1
DA:68,2
DA:72,1
DA:73,5
DA:75,4
DA:77,4
DA:81,4
DA:85,1
DA:86,4
DA:88,4
DA:89,2
DA:92,2
DA:94,2
DA:95,2
DA:96,2
DA:100,1
DA:101,4
DA:103,4
DA:104,3
DA:107,1
DA:109,1
DA:110,1
DA:111,1
DA:115,1
DA:116,6
DA:118,2
DA:119,1
DA:123,1
DA:124,4
DA:125,4
DA:126,4
DA:130,1
DA:131,8
DA:132,8
DA:134,8
DA:137,1
DA:139,11
DA:140,2
DA:143,9
DA:144,2
DA:148,1
DA:150,8
DA:151,6
DA:154,1
DA:156,13
DA:157,4
DA:160,9
DA:161,2
LF:82
LH:82
BRDA:75,0,0,4
BRDA:75,0,1,1
BRDA:88,1,0,2
BRDA:103,2,0,3
BRDA:139,3,0,2
BRDA:143,4,0,2
BRDA:156,5,0,4
BRDA:160,6,0,2
BRF:8
BRH:8
end_of_record
TN:
SF:src/shared/enum/group-link-gradient-type.enum.ts
FN:1,(anonymous_0)
FNF:1
FNH:1
FNDA:1,(anonymous_0)
DA:1,1
DA:2,1
DA:3,1
DA:4,1
LF:4
LH:4
BRDA:1,0,0,1
BRDA:1,0,1,1
BRF:2
BRH:2
end_of_record
TN:
SF:src/shared/enum/http-response-message.enum.ts
FN:1,(anonymous_0)
FNF:1
FNH:1
FNDA:5,(anonymous_0)
DA:1,5
DA:2,5
DA:3,5
DA:4,5
DA:5,5
DA:6,5
LF:6
LH:6
BRDA:1,0,0,5
BRDA:1,0,1,5
BRF:2
BRH:2
end_of_record
TN:
SF:src/shared/service/logger.service.ts
FN:7,(anonymous_2)
FN:11,(anonymous_3)
FN:15,(anonymous_4)
FN:19,(anonymous_5)
FN:23,(anonymous_6)
FNF:5
FNH:2
FNDA:0,(anonymous_2)
FNDA:25,(anonymous_3)
FNDA:24,(anonymous_4)
FNDA:0,(anonymous_5)
FNDA:0,(anonymous_6)
DA:1,5
DA:3,5
DA:6,5
DA:8,0
DA:12,25
DA:16,24
DA:20,0
DA:24,0
DA:28,5
LF:9
LH:6
BRF:0
BRH:0
end_of_record
TN:
SF:src/shared/service/password.service.ts
FN:7,(anonymous_8)
FN:11,(anonymous_9)
FN:21,(anonymous_10)
FNF:3
FNH:0
FNDA:0,(anonymous_8)
FNDA:0,(anonymous_9)
FNDA:0,(anonymous_10)
DA:1,3
DA:2,3
DA:3,3
DA:4,3
DA:7,3
DA:8,0
DA:11,3
DA:12,0
DA:13,0
DA:14,0
DA:16,0
DA:21,3
DA:22,0
DA:23,0
DA:24,0
DA:26,0
LF:16
LH:7
BRF:0
BRH:0
end_of_record
TN:
SF:src/shared/service/token.service.ts
FN:17,(anonymous_5)
FN:20,(anonymous_6)
FN:27,(anonymous_7)
FN:37,(anonymous_8)
FN:47,(anonymous_9)
FN:56,(anonymous_10)
FN:60,(anonymous_11)
FN:64,(anonymous_12)
FNF:8
FNH:0
FNDA:0,(anonymous_5)
FNDA:0,(anonymous_6)
FNDA:0,(anonymous_7)
FNDA:0,(anonymous_8)
FNDA:0,(anonymous_9)
FNDA:0,(anonymous_10)
FNDA:0,(anonymous_11)
FNDA:0,(anonymous_12)
DA:2,2
DA:3,2
DA:4,2
DA:5,2
DA:6,2
DA:7,2
DA:10,2
DA:11,2
DA:13,0
DA:15,0
DA:17,0
DA:19,2
DA:21,0
DA:22,0
DA:23,0
DA:27,2
DA:28,0
DA:29,0
DA:30,0
DA:32,0
DA:36,2
DA:38,0
DA:39,0
DA:40,0
DA:42,0
DA:46,2
DA:48,0
DA:49,0
DA:50,0
DA:52,0
DA:53,0
DA:57,0
DA:61,0
DA:65,0
LF:34
LH:12
BRDA:49,0,0,0
BRDA:65,1,0,0
BRDA:65,1,1,0
BRF:3
BRH:0
end_of_record
TN:
SF:src/shared/service/translate.service.ts
FN:28,(anonymous_8)
FN:33,(anonymous_9)
FN:65,(anonymous_10)
FN:74,(anonymous_11)
FN:83,(anonymous_12)
FN:84,(anonymous_13)
FN:91,(anonymous_14)
FN:101,(anonymous_15)
FN:105,(anonymous_16)
FNF:9
FNH:6
FNDA:0,(anonymous_8)
FNDA:25,(anonymous_9)
FNDA:25,(anonymous_10)
FNDA:12,(anonymous_11)
FNDA:12,(anonymous_12)
FNDA:12,(anonymous_13)
FNDA:12,(anonymous_14)
FNDA:0,(anonymous_15)
FNDA:0,(anonymous_16)
DA:1,5
DA:2,5
DA:3,5
DA:4,5
DA:5,5
DA:6,5
DA:8,5
DA:9,5
DA:10,5
DA:11,5
DA:19,5
DA:20,5
DA:22,5
DA:24,5
DA:26,5
DA:29,0
DA:30,0
DA:34,25
DA:35,25
DA:36,0
DA:39,25
DA:40,25
DA:41,25
DA:43,25
DA:45,25
DA:46,0
DA:48,25
DA:49,0
DA:50,0
DA:52,0
DA:54,0
DA:55,0
DA:58,0
DA:60,25
DA:61,25
DA:66,25
DA:67,0
DA:70,25
DA:75,12
DA:77,12
DA:78,12
DA:79,12
DA:84,12
DA:85,12
DA:87,12
DA:88,12
DA:92,12
DA:93,12
DA:94,12
DA:95,12
DA:96,0
DA:97,0
DA:102,0
DA:106,0
DA:107,0
DA:110,0
DA:114,5
LF:57
LH:40
BRDA:35,0,0,0
BRDA:45,1,0,0
BRDA:45,1,1,25
BRDA:54,2,0,0
BRDA:66,3,0,0
BRDA:95,4,0,0
BRDA:95,5,0,12
BRDA:95,5,1,12
BRDA:106,6,0,0
BRF:9
BRH:3
end_of_record
TN:
SF:src/shared/service/global/global.util.env.service.ts
FN:9,(anonymous_1)
FN:13,(anonymous_2)
FN:17,(anonymous_3)
FN:21,(anonymous_4)
FN:26,(anonymous_5)
FN:34,(anonymous_6)
FN:42,(anonymous_7)
FN:56,(anonymous_8)
FNF:8
FNH:8
FNDA:114,(anonymous_1)
FNDA:4,(anonymous_2)
FNDA:2,(anonymous_3)
FNDA:2,(anonymous_4)
FNDA:4,(anonymous_5)
FNDA:4,(anonymous_6)
FNDA:12,(anonymous_7)
FNDA:8,(anonymous_8)
DA:1,5
DA:3,5
DA:5,5
DA:8,5
DA:10,114
DA:14,4
DA:18,2
DA:22,2
DA:23,2
DA:27,4
DA:35,4
DA:43,12
DA:44,2
DA:47,10
DA:49,10
DA:50,0
DA:53,10
DA:57,8
DA:58,6
DA:61,2
DA:63,2
DA:64,0
DA:67,2
LF:23
LH:21
BRDA:10,0,0,1
BRDA:10,0,1,113
BRDA:43,1,0,2
BRDA:47,2,0,10
BRDA:47,2,1,0
BRDA:49,3,0,0
BRDA:57,4,0,6
BRDA:61,5,0,2
BRDA:61,5,1,0
BRDA:63,6,0,0
BRDA:63,7,0,2
BRDA:63,7,1,2
BRF:12
BRH:8
end_of_record
TN:
SF:src/shared/service/global/global.util.number.service.ts
FN:10,(anonymous_1)
FN:32,(anonymous_2)
FNF:2
FNH:2
FNDA:11,(anonymous_1)
FNDA:5,(anonymous_2)
DA:1,4
DA:2,4
DA:3,4
DA:4,4
DA:9,4
DA:11,11
DA:13,11
DA:14,0
DA:17,11
DA:19,11
DA:20,5
DA:23,6
DA:25,6
DA:26,1
DA:29,5
DA:33,5
DA:34,1
DA:37,4
DA:38,4
DA:40,4
DA:41,4
LF:21
LH:20
BRDA:13,0,0,0
BRDA:19,1,0,5
BRDA:19,2,0,11
BRDA:19,2,1,6
BRDA:25,3,0,1
BRDA:33,4,0,1
BRF:6
BRH:5
end_of_record
TN:
SF:src/shared/service/global/global.util.validate.service.ts
FN:9,(anonymous_4)
FN:12,(anonymous_5)
FNF:2
FNH:0
FNDA:0,(anonymous_4)
FNDA:0,(anonymous_5)
DA:1,3
DA:2,3
DA:3,3
DA:4,3
DA:5,3
DA:8,3
DA:9,0
DA:11,3
DA:13,0
DA:15,0
DA:16,0
LF:11
LH:7
BRDA:15,0,0,0
BRF:1
BRH:0
end_of_record
TN:
SF:tests/data/service/auth.service.test.data.ts
FN:10,(anonymous_0)
FN:14,(anonymous_1)
FN:18,(anonymous_2)
FN:22,(anonymous_3)
FN:26,(anonymous_4)
FN:30,(anonymous_5)
FN:34,(anonymous_6)
FN:38,(anonymous_7)
FNF:8
FNH:7
FNDA:1,(anonymous_0)
FNDA:1,(anonymous_1)
FNDA:0,(anonymous_2)
FNDA:3,(anonymous_3)
FNDA:1,(anonymous_4)
FNDA:1,(anonymous_5)
FNDA:1,(anonymous_6)
FNDA:1,(anonymous_7)
DA:1,1
DA:2,1
DA:3,1
DA:5,1
DA:7,1
DA:9,1
DA:11,1
DA:15,1
DA:19,0
DA:23,3
DA:27,1
DA:31,1
DA:35,1
DA:39,1
LF:14
LH:13
BRF:0
BRH:0
end_of_record
TN:
SF:tests/data/service/link.service.test.data.ts
FN:12,(anonymous_0)
FN:19,(anonymous_1)
FN:33,(anonymous_2)
FN:46,(anonymous_3)
FN:57,(anonymous_4)
FN:61,(anonymous_5)
FN:65,(anonymous_6)
FN:72,(anonymous_7)
FN:79,(anonymous_8)
FN:86,(anonymous_9)
FN:93,(anonymous_10)
FN:100,(anonymous_11)
FN:107,(anonymous_12)
FN:114,(anonymous_13)
FN:121,(anonymous_14)
FN:128,(anonymous_15)
FN:135,(anonymous_16)
FN:142,(anonymous_17)
FN:173,(anonymous_18)
FN:181,(anonymous_19)
FN:189,(anonymous_20)
FN:193,(anonymous_21)
FN:197,(anonymous_22)
FN:201,(anonymous_23)
FN:205,(anonymous_24)
FN:209,(anonymous_25)
FN:213,(anonymous_26)
FN:217,(anonymous_27)
FNF:28
FNH:20
FNDA:3,(anonymous_0)
FNDA:7,(anonymous_1)
FNDA:0,(anonymous_2)
FNDA:1,(anonymous_3)
FNDA:0,(anonymous_4)
FNDA:1,(anonymous_5)
FNDA:0,(anonymous_6)
FNDA:0,(anonymous_7)
FNDA:0,(anonymous_8)
FNDA:1,(anonymous_9)
FNDA:1,(anonymous_10)
FNDA:1,(anonymous_11)
FNDA:1,(anonymous_12)
FNDA:1,(anonymous_13)
FNDA:1,(anonymous_14)
FNDA:1,(anonymous_15)
FNDA:1,(anonymous_16)
FNDA:1,(anonymous_17)
FNDA:0,(anonymous_18)
FNDA:1,(anonymous_19)
FNDA:0,(anonymous_20)
FNDA:1,(anonymous_21)
FNDA:1,(anonymous_22)
FNDA:1,(anonymous_23)
FNDA:0,(anonymous_24)
FNDA:1,(anonymous_25)
FNDA:2,(anonymous_26)
FNDA:1,(anonymous_27)
DA:1,1
DA:2,1
DA:4,1
DA:5,1
DA:11,1
DA:13,3
DA:20,7
DA:34,0
DA:47,1
DA:58,0
DA:62,1
DA:66,0
DA:73,0
DA:80,0
DA:87,1
DA:94,1
DA:101,1
DA:108,1
DA:115,1
DA:122,1
DA:129,1
DA:136,1
DA:143,1
DA:144,1
DA:145,1
DA:146,1
DA:147,1
DA:150,1
DA:151,10
DA:160,1
DA:170,1
DA:174,0
DA:182,1
DA:190,0
DA:194,1
DA:198,1
DA:202,1
DA:206,0
DA:210,1
DA:214,2
DA:218,1
LF:41
LH:33
BRF:0
BRH:0
end_of_record
TN:
SF:tests/data/service/user.service.test.data.ts
FN:11,(anonymous_0)
FN:19,(anonymous_1)
FN:24,(anonymous_2)
FN:28,(anonymous_3)
FN:32,(anonymous_4)
FN:36,(anonymous_5)
FN:41,(anonymous_6)
FN:47,(anonymous_7)
FN:55,(anonymous_8)
FN:65,(anonymous_9)
FN:71,(anonymous_10)
FN:81,(anonymous_11)
FN:89,(anonymous_12)
FN:93,(anonymous_13)
FN:97,(anonymous_14)
FN:101,(anonymous_15)
FN:105,(anonymous_16)
FN:109,(anonymous_17)
FN:113,(anonymous_18)
FN:117,(anonymous_19)
FN:121,(anonymous_20)
FNF:21
FNH:18
FNDA:6,(anonymous_0)
FNDA:8,(anonymous_1)
FNDA:0,(anonymous_2)
FNDA:1,(anonymous_3)
FNDA:0,(anonymous_4)
FNDA:1,(anonymous_5)
FNDA:0,(anonymous_6)
FNDA:3,(anonymous_7)
FNDA:1,(anonymous_8)
FNDA:3,(anonymous_9)
FNDA:1,(anonymous_10)
FNDA:1,(anonymous_11)
FNDA:1,(anonymous_12)
FNDA:1,(anonymous_13)
FNDA:1,(anonymous_14)
FNDA:12,(anonymous_15)
FNDA:18,(anonymous_16)
FNDA:18,(anonymous_17)
FNDA:1,(anonymous_18)
FNDA:1,(anonymous_19)
FNDA:2,(anonymous_20)
DA:1,2
DA:2,2
DA:4,2
DA:5,2
DA:10,2
DA:12,6
DA:20,8
DA:24,0
DA:29,1
DA:32,0
DA:37,1
DA:38,1
DA:41,0
DA:44,1
DA:48,3
DA:56,1
DA:57,1
DA:62,1
DA:66,3
DA:68,3
DA:72,1
DA:74,1
DA:82,1
DA:90,1
DA:94,1
DA:98,1
DA:102,12
DA:106,18
DA:110,18
DA:114,1
DA:118,1
DA:122,2
LF:32
LH:29
BRF:0
BRH:0
end_of_record
TN:
SF:tests/data/util-service/global.util.number.service.test.data.ts
FN:4,(anonymous_0)
FN:11,(anonymous_1)
FN:19,(anonymous_2)
FN:28,(anonymous_3)
FN:36,(anonymous_4)
FNF:5
FNH:5
FNDA:1,(anonymous_0)
FNDA:1,(anonymous_1)
FNDA:1,(anonymous_2)
FNDA:1,(anonymous_3)
FNDA:1,(anonymous_4)
DA:3,1
DA:5,1
DA:12,1
DA:20,1
DA:21,1
DA:29,1
DA:37,1
DA:38,1
LF:8
LH:8
BRF:0
BRH:0
end_of_record
